 >14.4f | getTextFromImage | INFO | Loading image from E:/E2CR/sample_images_for_ocr/R. 317 (2).jpg
 >14.4f | preProcessImage | TRACE | preProcessImage Image)
 >14.4f | is_grayscale | TRACE | is_grayscale(image.shape=(1546, 952, 3))
 >14.4f | preProcessImage | INFO | Converted to Grayscale
 >14.4f | preProcessImage | TRACE | is_grayscale(ppImage=(1546, 952)) -> False
 >14.4f | remove_border | INFO | Starting border replacement using histogram method
 >14.4f | remove_border | DEBUG | Average pixel value: 171
 >14.4f | remove_border | DEBUG | Calculated row and column pixel sums
 >14.4f | remove_border | DEBUG | Row threshold: 81462.10187580854, Column threshold: 132290.34611344538
 >14.4f | remove_border | INFO | Bounding box - y_min: 0, y_max: 1545, x_min: 0, x_max: 951
 >14.4f | apply_denoising | INFO | Applying Denoising to Image
 >14.4f | apply_denoising | TRACE | PreProcessing - Apply Denoising(image.shape=(1546, 952)
 >14.4f | apply_denoising | DEBUG | h=9, Template Window Size: 5, Search Window Size: 5
 >14.4f | apply_adaptive_threshold | INFO | Using Adaptive Thresholding
 >14.4f | apply_adaptive_threshold | TRACE | apply_adaptive_threshold(image.shape=(1546, 952), adaptiveBlockSize: 21,  adaptiveC: 4)
 >14.4f | removeSpackle | TRACE | Starting removeSpackle(image.shape=(1546, 952), area_threshold=90, threshold_value=128, max_value=128, connectivity=8)
 >14.4f | removeSpackle | DEBUG | Applying binary thresholding.
 >14.4f | removeSpackle | DEBUG | Finding connected components.
 >14.4f | removeSpackle | DEBUG | Processing 1134 connected components.
 >14.4f | removeSpackle | TRACE | Completed removeSpackle. removed 704
 >14.4f | preProcessImage | INFO | Finished image preprocessing
 >14.4f | findTextSeperation | DEBUG | Base image dimensions: height=1546, width=952
 >14.4f | findInitialBreakPoints | TRACE | findInitialBreakPoints(image: np.ndarray, axis: y, useCumulativeSum: True,threshRate: 95, distance: None, findPeaks: False, prominence: None: max_ibp_loss: 95
 >14.4f | findInitialBreakPoints | INFO | Projecttion is Using Cumulative Sum
 >14.4f | cumSum | TRACE | cumSum(image, subOnDecrease: True)
 >14.4f | findInitialBreakPoints | TRACE | Saved image with initial break points to: E:/E2CR/debug\cs_image.jpg
 >14.4f | filterValsByThreshold | TRACE | filterValsByThreshold(values, threshRate: 95)
 >14.4f | filterValsByThreshold | TRACE | Calculated threshold value: 229168.5 (from 95% of max value 241230)
 >14.4f | filterValsByThreshold | TRACE | Threshold filtered: 1168 from projection (1546, 75.55% loss)
 >14.4f | filterValsByThreshold | TRACE | Returning 378 of 1546 points, loss: 75.55%
 >14.4f | filterValsByProximity | TRACE | Filtering values in a list 378 values long, by a proximity of 5
 >14.4f | filterValsByProximity | TRACE | Filtering values returning 68 values. 82.28% loss
 >14.4f | findInitialBreakPoints | CRITICAL | Snnity Check: len(peaks): 68
 >14.4f | findInitialBreakPoints | DEBUG | Returning 68 of 1546, -4.333764553686934 % loss
 >14.4f | findTextSeperation | TRACE | Saved image with initial break points to: E:/E2CR/debug\dbgInitialBreakPoints.jpg
 >14.4f | findTextSeperation | TRACE | Finding clusters of break points. eps:10, min_samples:1
 >14.4f | group_by_proximity | DEBUG | Received 68 break points; eps=10, min_samples=1
 >14.4f | group_by_proximity | TRACE | Break Points: [4, 4, 41, 54, 84, 95, 129, 139, 215, 222, 346, 348, 381, 388, 422, 434, 463, 473, 504, 516, 547, 552, 584, 589, 622, 647, 658, 678, 707, 716, 744, 754, 785, 798, 824, 835, 867, 881, 910, 921, 952, 962, 1034, 1035, 1071, 1083, 1112, 1125, 1157, 1162, 1197, 1207, 1234, 1242, 1273, 1286, 1316, 1326, 1358, 1367, 1398, 1408, 1437, 1452, 1481, 1494, 1525, 1538]
 >14.4f | group_by_proximity | DEBUG | Returning 50 clusters; eps=10, min_samples=1, effective loss=26.47%.
 >14.4f | group_by_proximity | TRACE | Clusters: [[4, 4], [41], [54], [84], [95], [129, 139], [215, 222], [346, 348], [381, 388], [422], [434], [463, 473], [504], [516], [547, 552], [584, 589], [622], [647], [658], [678], [707, 716], [744, 754], [785], [798], [824], [835], [867], [881], [910], [921], [952, 962], [1034, 1035], [1071], [1083], [1112], [1125], [1157, 1162], [1197, 1207], [1234, 1242], [1273], [1286], [1316, 1326], [1358, 1367], [1398, 1408], [1437], [1452], [1481], [1494], [1525], [1538]]
 >14.4f | findTextSeperation | TRACE | Saved image with break points clusters to: E:/E2CR/debug\dbgBreakPointClusters.jpg
 >14.4f | find_breakpoints | INFO | Starting breakpoint finding with method 'y_max'
 >14.4f | find_breakpoints | DEBUG | y_max method: Found 50 breakpoints.
 >14.4f | normalizeValsByProximity | TRACE | Normalizing values in a list 50 values long, by a proximity of 15
 >14.4f | normalizeValsByProximity | TRACE | Normalizing values returning 35 values. 30.00% loss
 >14.4f | find_breakpoints | SUCCESS | Completed breakpoint finding with method 'y_max'
 >14.4f | find_breakpoints | TRACE | Final breakpoints: [   4   47   89  129  215  346  381  428  463  510  547  584  622  652
  678  707  744  791  829  874  915  962 1034 1077 1118 1157 1207 1242
 1279 1326 1358 1398 1444 1487 1531]
 >14.4f | findTextSeperation | TRACE | Saved image with peak break points clusters to: E:/E2CR/debug\dbgClusterPeaks.jpg
 >14.4f | findTextSeperation | TRACE | Found 36 valid peaks.
 >14.4f | find_shortest_path_new | DEBUG | Finding Shortest Path from: 4
 >14.4f | find_shortest_path_new | TRACE | start: 4, axis=y, log_cost_factor=15, bias_factor=10, gradient_factor=5
 >14.4f | find_shortest_path_new | TRACE | size1: 1546, size2: 952, directions: [(-1, 0), (1, 0), (0, -1), (0, 1)]
 >14.4f | find_shortest_path_new | DEBUG | Reached the end of the axis:y at position: (4, 951)
 >14.4f | find_shortest_path_new | DEBUG | Minimum distance at end of axis: 26675.093892919194, Position: 4
 >14.4f | find_shortest_path_new | DEBUG | Path found for start point: 4
 >14.4f | find_shortest_path_new | DEBUG | Finding Shortest Path from: 47
 >14.4f | find_shortest_path_new | TRACE | start: 47, axis=y, log_cost_factor=15, bias_factor=10, gradient_factor=5
 >14.4f | find_shortest_path_new | TRACE | size1: 1546, size2: 952, directions: [(-1, 0), (1, 0), (0, -1), (0, 1)]
 >14.4f | find_shortest_path_new | DEBUG | Reached the end of the axis:y at position: (47, 951)
 >14.4f | find_shortest_path_new | DEBUG | Minimum distance at end of axis: 16933.047509463733, Position: 47
 >14.4f | find_shortest_path_new | DEBUG | Path found for start point: 47
 >14.4f | find_shortest_path_new | DEBUG | Finding Shortest Path from: 89
 >14.4f | find_shortest_path_new | TRACE | start: 89, axis=y, log_cost_factor=15, bias_factor=10, gradient_factor=5
 >14.4f | find_shortest_path_new | TRACE | size1: 1546, size2: 952, directions: [(-1, 0), (1, 0), (0, -1), (0, 1)]
 >14.4f | find_shortest_path_new | DEBUG | Reached the end of the axis:y at position: (89, 951)
 >14.4f | find_shortest_path_new | DEBUG | Minimum distance at end of axis: 19712.104017090365, Position: 89
 >14.4f | find_shortest_path_new | DEBUG | Path found for start point: 89
 >14.4f | find_shortest_path_new | DEBUG | Finding Shortest Path from: 129
 >14.4f | find_shortest_path_new | TRACE | start: 129, axis=y, log_cost_factor=15, bias_factor=10, gradient_factor=5
 >14.4f | find_shortest_path_new | TRACE | size1: 1546, size2: 952, directions: [(-1, 0), (1, 0), (0, -1), (0, 1)]
 >14.4f | find_shortest_path_new | DEBUG | Reached the end of the axis:y at position: (129, 951)
 >14.4f | find_shortest_path_new | DEBUG | Minimum distance at end of axis: 15902.571032088741, Position: 129
 >14.4f | find_shortest_path_new | DEBUG | Path found for start point: 129
 >14.4f | find_shortest_path_new | DEBUG | Finding Shortest Path from: 215
 >14.4f | find_shortest_path_new | TRACE | start: 215, axis=y, log_cost_factor=15, bias_factor=10, gradient_factor=5
 >14.4f | find_shortest_path_new | TRACE | size1: 1546, size2: 952, directions: [(-1, 0), (1, 0), (0, -1), (0, 1)]
 >14.4f | find_shortest_path_new | DEBUG | Reached the end of the axis:y at position: (215, 951)
 >14.4f | find_shortest_path_new | DEBUG | Minimum distance at end of axis: 13918.926355423164, Position: 215
 >14.4f | find_shortest_path_new | DEBUG | Path found for start point: 215
 >14.4f | find_shortest_path_new | DEBUG | Finding Shortest Path from: 346
 >14.4f | find_shortest_path_new | TRACE | start: 346, axis=y, log_cost_factor=15, bias_factor=10, gradient_factor=5
 >14.4f | find_shortest_path_new | TRACE | size1: 1546, size2: 952, directions: [(-1, 0), (1, 0), (0, -1), (0, 1)]
 >14.4f | find_shortest_path_new | DEBUG | Reached the end of the axis:y at position: (346, 951)
 >14.4f | find_shortest_path_new | DEBUG | Minimum distance at end of axis: 30141.30960167355, Position: 346
 >14.4f | find_shortest_path_new | DEBUG | Path found for start point: 346
 >14.4f | find_shortest_path_new | DEBUG | Finding Shortest Path from: 381
 >14.4f | find_shortest_path_new | TRACE | start: 381, axis=y, log_cost_factor=15, bias_factor=10, gradient_factor=5
 >14.4f | find_shortest_path_new | TRACE | size1: 1546, size2: 952, directions: [(-1, 0), (1, 0), (0, -1), (0, 1)]
 >14.4f | find_shortest_path_new | DEBUG | Reached the end of the axis:y at position: (381, 951)
 >14.4f | find_shortest_path_new | DEBUG | Minimum distance at end of axis: 8133.365447505521, Position: 381
 >14.4f | find_shortest_path_new | DEBUG | Path found for start point: 381
 >14.4f | find_shortest_path_new | DEBUG | Finding Shortest Path from: 428
 >14.4f | find_shortest_path_new | TRACE | start: 428, axis=y, log_cost_factor=15, bias_factor=10, gradient_factor=5
 >14.4f | find_shortest_path_new | TRACE | size1: 1546, size2: 952, directions: [(-1, 0), (1, 0), (0, -1), (0, 1)]
 >14.4f | find_shortest_path_new | DEBUG | Reached the end of the axis:y at position: (414, 951)
 >14.4f | find_shortest_path_new | DEBUG | Minimum distance at end of axis: 28734.887611065675, Position: 414
 >14.4f | find_shortest_path_new | DEBUG | Path found for start point: 428
 >14.4f | find_shortest_path_new | DEBUG | Finding Shortest Path from: 463
 >14.4f | find_shortest_path_new | TRACE | start: 463, axis=y, log_cost_factor=15, bias_factor=10, gradient_factor=5
 >14.4f | find_shortest_path_new | TRACE | size1: 1546, size2: 952, directions: [(-1, 0), (1, 0), (0, -1), (0, 1)]
 >14.4f | find_shortest_path_new | DEBUG | Reached the end of the axis:y at position: (414, 951)
 >14.4f | find_shortest_path_new | DEBUG | Minimum distance at end of axis: 44552.11762991318, Position: 414
 >14.4f | find_shortest_path_new | DEBUG | Path found for start point: 463
 >14.4f | find_shortest_path_new | DEBUG | Finding Shortest Path from: 510
 >14.4f | find_shortest_path_new | TRACE | start: 510, axis=y, log_cost_factor=15, bias_factor=10, gradient_factor=5
 >14.4f | find_shortest_path_new | TRACE | size1: 1546, size2: 952, directions: [(-1, 0), (1, 0), (0, -1), (0, 1)]
 >14.4f | find_shortest_path_new | DEBUG | Reached the end of the axis:y at position: (509, 951)
 >14.4f | find_shortest_path_new | DEBUG | Minimum distance at end of axis: 41863.996162713156, Position: 509
 >14.4f | find_shortest_path_new | DEBUG | Path found for start point: 510
 >14.4f | find_shortest_path_new | DEBUG | Finding Shortest Path from: 547
 >14.4f | find_shortest_path_new | TRACE | start: 547, axis=y, log_cost_factor=15, bias_factor=10, gradient_factor=5
 >14.4f | find_shortest_path_new | TRACE | size1: 1546, size2: 952, directions: [(-1, 0), (1, 0), (0, -1), (0, 1)]
 >14.4f | find_shortest_path_new | DEBUG | Reached the end of the axis:y at position: (547, 951)
 >14.4f | find_shortest_path_new | DEBUG | Minimum distance at end of axis: 130252.92484644659, Position: 547
 >14.4f | find_shortest_path_new | DEBUG | Path found for start point: 547
 >14.4f | find_shortest_path_new | DEBUG | Finding Shortest Path from: 584
 >14.4f | find_shortest_path_new | TRACE | start: 584, axis=y, log_cost_factor=15, bias_factor=10, gradient_factor=5
 >14.4f | find_shortest_path_new | TRACE | size1: 1546, size2: 952, directions: [(-1, 0), (1, 0), (0, -1), (0, 1)]
 >14.4f | find_shortest_path_new | DEBUG | Reached the end of the axis:y at position: (579, 951)
 >14.4f | find_shortest_path_new | DEBUG | Minimum distance at end of axis: 44708.005938249196, Position: 579
 >14.4f | find_shortest_path_new | DEBUG | Path found for start point: 584
 >14.4f | find_shortest_path_new | DEBUG | Finding Shortest Path from: 622
 >14.4f | find_shortest_path_new | TRACE | start: 622, axis=y, log_cost_factor=15, bias_factor=10, gradient_factor=5
 >14.4f | find_shortest_path_new | TRACE | size1: 1546, size2: 952, directions: [(-1, 0), (1, 0), (0, -1), (0, 1)]
 >14.4f | find_shortest_path_new | DEBUG | Reached the end of the axis:y at position: (622, 951)
 >14.4f | find_shortest_path_new | DEBUG | Minimum distance at end of axis: 61081.72042220466, Position: 622
 >14.4f | find_shortest_path_new | DEBUG | Path found for start point: 622
 >14.4f | find_shortest_path_new | DEBUG | Finding Shortest Path from: 652
 >14.4f | find_shortest_path_new | TRACE | start: 652, axis=y, log_cost_factor=15, bias_factor=10, gradient_factor=5
 >14.4f | find_shortest_path_new | TRACE | size1: 1546, size2: 952, directions: [(-1, 0), (1, 0), (0, -1), (0, 1)]
 >14.4f | find_shortest_path_new | DEBUG | Reached the end of the axis:y at position: (652, 951)
 >14.4f | find_shortest_path_new | DEBUG | Minimum distance at end of axis: 50600.98220125516, Position: 652
 >14.4f | find_shortest_path_new | DEBUG | Path found for start point: 652
 >14.4f | find_shortest_path_new | DEBUG | Finding Shortest Path from: 678
 >14.4f | find_shortest_path_new | TRACE | start: 678, axis=y, log_cost_factor=15, bias_factor=10, gradient_factor=5
 >14.4f | find_shortest_path_new | TRACE | size1: 1546, size2: 952, directions: [(-1, 0), (1, 0), (0, -1), (0, 1)]
 >14.4f | find_shortest_path_new | DEBUG | Reached the end of the axis:y at position: (678, 951)
 >14.4f | find_shortest_path_new | DEBUG | Minimum distance at end of axis: 27892.24363167035, Position: 678
 >14.4f | find_shortest_path_new | DEBUG | Path found for start point: 678
 >14.4f | find_shortest_path_new | DEBUG | Finding Shortest Path from: 707
 >14.4f | find_shortest_path_new | TRACE | start: 707, axis=y, log_cost_factor=15, bias_factor=10, gradient_factor=5
 >14.4f | find_shortest_path_new | TRACE | size1: 1546, size2: 952, directions: [(-1, 0), (1, 0), (0, -1), (0, 1)]
 >14.4f | find_shortest_path_new | DEBUG | Reached the end of the axis:y at position: (707, 951)
 >14.4f | find_shortest_path_new | DEBUG | Minimum distance at end of axis: 57420.19900306507, Position: 707
 >14.4f | find_shortest_path_new | DEBUG | Path found for start point: 707
 >14.4f | find_shortest_path_new | DEBUG | Finding Shortest Path from: 744
 >14.4f | find_shortest_path_new | TRACE | start: 744, axis=y, log_cost_factor=15, bias_factor=10, gradient_factor=5
 >14.4f | find_shortest_path_new | TRACE | size1: 1546, size2: 952, directions: [(-1, 0), (1, 0), (0, -1), (0, 1)]
 >14.4f | find_shortest_path_new | DEBUG | Reached the end of the axis:y at position: (744, 951)
 >14.4f | find_shortest_path_new | DEBUG | Minimum distance at end of axis: 3503.832462503948, Position: 744
 >14.4f | find_shortest_path_new | DEBUG | Path found for start point: 744
 >14.4f | find_shortest_path_new | DEBUG | Finding Shortest Path from: 791
 >14.4f | find_shortest_path_new | TRACE | start: 791, axis=y, log_cost_factor=15, bias_factor=10, gradient_factor=5
 >14.4f | find_shortest_path_new | TRACE | size1: 1546, size2: 952, directions: [(-1, 0), (1, 0), (0, -1), (0, 1)]
 >14.4f | find_shortest_path_new | DEBUG | Reached the end of the axis:y at position: (791, 951)
 >14.4f | find_shortest_path_new | DEBUG | Minimum distance at end of axis: 28382.887134875153, Position: 791
 >14.4f | find_shortest_path_new | DEBUG | Path found for start point: 791
 >14.4f | find_shortest_path_new | DEBUG | Finding Shortest Path from: 829
 >14.4f | find_shortest_path_new | TRACE | start: 829, axis=y, log_cost_factor=15, bias_factor=10, gradient_factor=5
 >14.4f | find_shortest_path_new | TRACE | size1: 1546, size2: 952, directions: [(-1, 0), (1, 0), (0, -1), (0, 1)]
 >14.4f | find_shortest_path_new | DEBUG | Reached the end of the axis:y at position: (829, 951)
 >14.4f | find_shortest_path_new | DEBUG | Minimum distance at end of axis: 14100.51518625674, Position: 829
 >14.4f | find_shortest_path_new | DEBUG | Path found for start point: 829
 >14.4f | find_shortest_path_new | DEBUG | Finding Shortest Path from: 874
 >14.4f | find_shortest_path_new | TRACE | start: 874, axis=y, log_cost_factor=15, bias_factor=10, gradient_factor=5
 >14.4f | find_shortest_path_new | TRACE | size1: 1546, size2: 952, directions: [(-1, 0), (1, 0), (0, -1), (0, 1)]
 >14.4f | find_shortest_path_new | DEBUG | Reached the end of the axis:y at position: (830, 951)
 >14.4f | find_shortest_path_new | DEBUG | Minimum distance at end of axis: 65492.55253607346, Position: 830
 >14.4f | find_shortest_path_new | DEBUG | Path found for start point: 874
 >14.4f | find_shortest_path_new | DEBUG | Finding Shortest Path from: 915
 >14.4f | find_shortest_path_new | TRACE | start: 915, axis=y, log_cost_factor=15, bias_factor=10, gradient_factor=5
 >14.4f | find_shortest_path_new | TRACE | size1: 1546, size2: 952, directions: [(-1, 0), (1, 0), (0, -1), (0, 1)]
 >14.4f | find_shortest_path_new | DEBUG | Reached the end of the axis:y at position: (915, 951)
 >14.4f | find_shortest_path_new | DEBUG | Minimum distance at end of axis: 74566.92096827753, Position: 915
 >14.4f | find_shortest_path_new | DEBUG | Path found for start point: 915
 >14.4f | find_shortest_path_new | DEBUG | Finding Shortest Path from: 962
 >14.4f | find_shortest_path_new | TRACE | start: 962, axis=y, log_cost_factor=15, bias_factor=10, gradient_factor=5
 >14.4f | find_shortest_path_new | TRACE | size1: 1546, size2: 952, directions: [(-1, 0), (1, 0), (0, -1), (0, 1)]
 >14.4f | find_shortest_path_new | DEBUG | Reached the end of the axis:y at position: (975, 951)
 >14.4f | find_shortest_path_new | DEBUG | Minimum distance at end of axis: 38138.21212657809, Position: 975
 >14.4f | find_shortest_path_new | DEBUG | Path found for start point: 962
 >14.4f | find_shortest_path_new | DEBUG | Finding Shortest Path from: 1034
 >14.4f | find_shortest_path_new | TRACE | start: 1034, axis=y, log_cost_factor=15, bias_factor=10, gradient_factor=5
 >14.4f | find_shortest_path_new | TRACE | size1: 1546, size2: 952, directions: [(-1, 0), (1, 0), (0, -1), (0, 1)]
 >14.4f | find_shortest_path_new | DEBUG | Reached the end of the axis:y at position: (1034, 951)
 >14.4f | find_shortest_path_new | DEBUG | Minimum distance at end of axis: 85418.38827133915, Position: 1034
 >14.4f | find_shortest_path_new | DEBUG | Path found for start point: 1034
 >14.4f | find_shortest_path_new | DEBUG | Finding Shortest Path from: 1077
 >14.4f | find_shortest_path_new | TRACE | start: 1077, axis=y, log_cost_factor=15, bias_factor=10, gradient_factor=5
 >14.4f | find_shortest_path_new | TRACE | size1: 1546, size2: 952, directions: [(-1, 0), (1, 0), (0, -1), (0, 1)]
 >14.4f | find_shortest_path_new | DEBUG | Reached the end of the axis:y at position: (1058, 951)
 >14.4f | find_shortest_path_new | DEBUG | Minimum distance at end of axis: 54321.11294003786, Position: 1058
 >14.4f | find_shortest_path_new | DEBUG | Path found for start point: 1077
 >14.4f | find_shortest_path_new | DEBUG | Finding Shortest Path from: 1118
 >14.4f | find_shortest_path_new | TRACE | start: 1118, axis=y, log_cost_factor=15, bias_factor=10, gradient_factor=5
 >14.4f | find_shortest_path_new | TRACE | size1: 1546, size2: 952, directions: [(-1, 0), (1, 0), (0, -1), (0, 1)]
 >14.4f | find_shortest_path_new | DEBUG | Reached the end of the axis:y at position: (1118, 951)
 >14.4f | find_shortest_path_new | DEBUG | Minimum distance at end of axis: 24912.971379813684, Position: 1118
 >14.4f | find_shortest_path_new | DEBUG | Path found for start point: 1118
 >14.4f | find_shortest_path_new | DEBUG | Finding Shortest Path from: 1157
 >14.4f | find_shortest_path_new | TRACE | start: 1157, axis=y, log_cost_factor=15, bias_factor=10, gradient_factor=5
 >14.4f | find_shortest_path_new | TRACE | size1: 1546, size2: 952, directions: [(-1, 0), (1, 0), (0, -1), (0, 1)]
 >14.4f | find_shortest_path_new | DEBUG | Reached the end of the axis:y at position: (1157, 951)
 >14.4f | find_shortest_path_new | DEBUG | Minimum distance at end of axis: 85136.69145338322, Position: 1157
 >14.4f | find_shortest_path_new | DEBUG | Path found for start point: 1157
 >14.4f | find_shortest_path_new | DEBUG | Finding Shortest Path from: 1207
 >14.4f | find_shortest_path_new | TRACE | start: 1207, axis=y, log_cost_factor=15, bias_factor=10, gradient_factor=5
 >14.4f | find_shortest_path_new | TRACE | size1: 1546, size2: 952, directions: [(-1, 0), (1, 0), (0, -1), (0, 1)]
 >14.4f | find_shortest_path_new | DEBUG | Reached the end of the axis:y at position: (1227, 951)
 >14.4f | find_shortest_path_new | DEBUG | Minimum distance at end of axis: 52473.30650087754, Position: 1227
 >14.4f | find_shortest_path_new | DEBUG | Path found for start point: 1207
 >14.4f | find_shortest_path_new | DEBUG | Finding Shortest Path from: 1242
 >14.4f | find_shortest_path_new | TRACE | start: 1242, axis=y, log_cost_factor=15, bias_factor=10, gradient_factor=5
 >14.4f | find_shortest_path_new | TRACE | size1: 1546, size2: 952, directions: [(-1, 0), (1, 0), (0, -1), (0, 1)]
 >14.4f | find_shortest_path_new | DEBUG | Reached the end of the axis:y at position: (1228, 951)
 >14.4f | find_shortest_path_new | DEBUG | Minimum distance at end of axis: 40699.78734458902, Position: 1228
 >14.4f | find_shortest_path_new | DEBUG | Path found for start point: 1242
 >14.4f | find_shortest_path_new | DEBUG | Finding Shortest Path from: 1279
 >14.4f | find_shortest_path_new | TRACE | start: 1279, axis=y, log_cost_factor=15, bias_factor=10, gradient_factor=5
 >14.4f | find_shortest_path_new | TRACE | size1: 1546, size2: 952, directions: [(-1, 0), (1, 0), (0, -1), (0, 1)]
 >14.4f | find_shortest_path_new | DEBUG | Reached the end of the axis:y at position: (1267, 951)
 >14.4f | find_shortest_path_new | DEBUG | Minimum distance at end of axis: 36760.798235537084, Position: 1267
 >14.4f | find_shortest_path_new | DEBUG | Path found for start point: 1279
 >14.4f | find_shortest_path_new | DEBUG | Finding Shortest Path from: 1326
 >14.4f | find_shortest_path_new | TRACE | start: 1326, axis=y, log_cost_factor=15, bias_factor=10, gradient_factor=5
 >14.4f | find_shortest_path_new | TRACE | size1: 1546, size2: 952, directions: [(-1, 0), (1, 0), (0, -1), (0, 1)]
 >14.4f | find_shortest_path_new | DEBUG | Reached the end of the axis:y at position: (1326, 951)
 >14.4f | find_shortest_path_new | DEBUG | Minimum distance at end of axis: 58791.693103034624, Position: 1326
 >14.4f | find_shortest_path_new | DEBUG | Path found for start point: 1326
 >14.4f | find_shortest_path_new | DEBUG | Finding Shortest Path from: 1358
 >14.4f | find_shortest_path_new | TRACE | start: 1358, axis=y, log_cost_factor=15, bias_factor=10, gradient_factor=5
 >14.4f | find_shortest_path_new | TRACE | size1: 1546, size2: 952, directions: [(-1, 0), (1, 0), (0, -1), (0, 1)]
 >14.4f | find_shortest_path_new | DEBUG | Reached the end of the axis:y at position: (1358, 951)
 >14.4f | find_shortest_path_new | DEBUG | Minimum distance at end of axis: 20415.421293337542, Position: 1358
 >14.4f | find_shortest_path_new | DEBUG | Path found for start point: 1358
 >14.4f | find_shortest_path_new | DEBUG | Finding Shortest Path from: 1398
 >14.4f | find_shortest_path_new | TRACE | start: 1398, axis=y, log_cost_factor=15, bias_factor=10, gradient_factor=5
 >14.4f | find_shortest_path_new | TRACE | size1: 1546, size2: 952, directions: [(-1, 0), (1, 0), (0, -1), (0, 1)]
 >14.4f | find_shortest_path_new | DEBUG | Reached the end of the axis:y at position: (1401, 951)
 >14.4f | find_shortest_path_new | DEBUG | Minimum distance at end of axis: 41579.65096354993, Position: 1401
 >14.4f | find_shortest_path_new | DEBUG | Path found for start point: 1398
 >14.4f | find_shortest_path_new | DEBUG | Finding Shortest Path from: 1444
 >14.4f | find_shortest_path_new | TRACE | start: 1444, axis=y, log_cost_factor=15, bias_factor=10, gradient_factor=5
 >14.4f | find_shortest_path_new | TRACE | size1: 1546, size2: 952, directions: [(-1, 0), (1, 0), (0, -1), (0, 1)]
 >14.4f | find_shortest_path_new | DEBUG | Reached the end of the axis:y at position: (1444, 951)
 >14.4f | find_shortest_path_new | DEBUG | Minimum distance at end of axis: 16578.27155458636, Position: 1444
 >14.4f | find_shortest_path_new | DEBUG | Path found for start point: 1444
 >14.4f | find_shortest_path_new | DEBUG | Finding Shortest Path from: 1487
 >14.4f | find_shortest_path_new | TRACE | start: 1487, axis=y, log_cost_factor=15, bias_factor=10, gradient_factor=5
 >14.4f | find_shortest_path_new | TRACE | size1: 1546, size2: 952, directions: [(-1, 0), (1, 0), (0, -1), (0, 1)]
 >14.4f | find_shortest_path_new | DEBUG | Reached the end of the axis:y at position: (1487, 951)
 >14.4f | find_shortest_path_new | DEBUG | Minimum distance at end of axis: 42920.53841929752, Position: 1487
 >14.4f | find_shortest_path_new | DEBUG | Path found for start point: 1487
 >14.4f | find_shortest_path_new | DEBUG | Finding Shortest Path from: 1531
 >14.4f | find_shortest_path_new | TRACE | start: 1531, axis=y, log_cost_factor=15, bias_factor=10, gradient_factor=5
 >14.4f | find_shortest_path_new | TRACE | size1: 1546, size2: 952, directions: [(-1, 0), (1, 0), (0, -1), (0, 1)]
 >14.4f | find_shortest_path_new | DEBUG | Reached the end of the axis:y at position: (1523, 951)
 >14.4f | find_shortest_path_new | DEBUG | Minimum distance at end of axis: 51417.337524589435, Position: 1523
 >14.4f | find_shortest_path_new | DEBUG | Path found for start point: 1531
 >14.4f | find_shortest_path_new | DEBUG | Finding Shortest Path from: 1545
 >14.4f | find_shortest_path_new | TRACE | start: 1545, axis=y, log_cost_factor=15, bias_factor=10, gradient_factor=5
 >14.4f | find_shortest_path_new | TRACE | size1: 1546, size2: 952, directions: [(-1, 0), (1, 0), (0, -1), (0, 1)]
 >14.4f | find_shortest_path_new | DEBUG | Reached the end of the axis:y at position: (1523, 951)
 >14.4f | find_shortest_path_new | DEBUG | Minimum distance at end of axis: 79097.24363167028, Position: 1523
 >14.4f | find_shortest_path_new | DEBUG | Path found for start point: 1545
 >14.4f | draw_path_on_image | DEBUG | Path length: 990
 >14.4f | draw_path_on_image | TRACE | Max Y: 9, Min Y: 0
 >14.4f | draw_path_on_image | DEBUG | Path length: 1032
 >14.4f | draw_path_on_image | TRACE | Max Y: 59, Min Y: 44
 >14.4f | draw_path_on_image | DEBUG | Path length: 1058
 >14.4f | draw_path_on_image | TRACE | Max Y: 112, Min Y: 89
 >14.4f | draw_path_on_image | DEBUG | Path length: 1034
 >14.4f | draw_path_on_image | TRACE | Max Y: 148, Min Y: 129
 >14.4f | draw_path_on_image | DEBUG | Path length: 1050
 >14.4f | draw_path_on_image | TRACE | Max Y: 236, Min Y: 215
 >14.4f | draw_path_on_image | DEBUG | Path length: 1056
 >14.4f | draw_path_on_image | TRACE | Max Y: 360, Min Y: 316
 >14.4f | draw_path_on_image | DEBUG | Path length: 1036
 >14.4f | draw_path_on_image | TRACE | Max Y: 393, Min Y: 375
 >14.4f | draw_path_on_image | DEBUG | Path length: 992
 >14.4f | draw_path_on_image | TRACE | Max Y: 431, Min Y: 414
 >14.4f | draw_path_on_image | DEBUG | Path length: 1053
 >14.4f | draw_path_on_image | TRACE | Max Y: 470, Min Y: 414
 >14.4f | draw_path_on_image | DEBUG | Path length: 1025
 >14.4f | draw_path_on_image | TRACE | Max Y: 519, Min Y: 489
 >14.4f | draw_path_on_image | DEBUG | Path length: 1138
 >14.4f | draw_path_on_image | TRACE | Max Y: 561, Min Y: 514
 >14.4f | draw_path_on_image | DEBUG | Path length: 1093
 >14.4f | draw_path_on_image | TRACE | Max Y: 605, Min Y: 579
 >14.4f | draw_path_on_image | DEBUG | Path length: 1052
 >14.4f | draw_path_on_image | TRACE | Max Y: 647, Min Y: 621
 >14.4f | draw_path_on_image | DEBUG | Path length: 1030
 >14.4f | draw_path_on_image | TRACE | Max Y: 684, Min Y: 650
 >14.4f | draw_path_on_image | DEBUG | Path length: 1008
 >14.4f | draw_path_on_image | TRACE | Max Y: 684, Min Y: 668
 >14.4f | draw_path_on_image | DEBUG | Path length: 1082
 >14.4f | draw_path_on_image | TRACE | Max Y: 728, Min Y: 707
 >14.4f | draw_path_on_image | DEBUG | Path length: 1012
 >14.4f | draw_path_on_image | TRACE | Max Y: 748, Min Y: 740
 >14.4f | draw_path_on_image | DEBUG | Path length: 1020
 >14.4f | draw_path_on_image | TRACE | Max Y: 803, Min Y: 786
 >14.4f | draw_path_on_image | DEBUG | Path length: 1054
 >14.4f | draw_path_on_image | TRACE | Max Y: 843, Min Y: 827
 >14.4f | draw_path_on_image | DEBUG | Path length: 1112
 >14.4f | draw_path_on_image | TRACE | Max Y: 887, Min Y: 830
 >14.4f | draw_path_on_image | DEBUG | Path length: 1000
 >14.4f | draw_path_on_image | TRACE | Max Y: 921, Min Y: 913
 >14.4f | draw_path_on_image | DEBUG | Path length: 1035
 >14.4f | draw_path_on_image | TRACE | Max Y: 975, Min Y: 955
 >14.4f | draw_path_on_image | DEBUG | Path length: 1076
 >14.4f | draw_path_on_image | TRACE | Max Y: 1046, Min Y: 1014
 >14.4f | draw_path_on_image | DEBUG | Path length: 1003
 >14.4f | draw_path_on_image | TRACE | Max Y: 1082, Min Y: 1058
 >14.4f | draw_path_on_image | DEBUG | Path length: 962
 >14.4f | draw_path_on_image | TRACE | Max Y: 1119, Min Y: 1114
 >14.4f | draw_path_on_image | DEBUG | Path length: 1062
 >14.4f | draw_path_on_image | TRACE | Max Y: 1170, Min Y: 1135
 >14.4f | draw_path_on_image | DEBUG | Path length: 1048
 >14.4f | draw_path_on_image | TRACE | Max Y: 1227, Min Y: 1201
 >14.4f | draw_path_on_image | DEBUG | Path length: 1044
 >14.4f | draw_path_on_image | TRACE | Max Y: 1256, Min Y: 1228
 >14.4f | draw_path_on_image | DEBUG | Path length: 982
 >14.4f | draw_path_on_image | TRACE | Max Y: 1286, Min Y: 1267
 >14.4f | draw_path_on_image | DEBUG | Path length: 1006
 >14.4f | draw_path_on_image | TRACE | Max Y: 1340, Min Y: 1322
 >14.4f | draw_path_on_image | DEBUG | Path length: 1016
 >14.4f | draw_path_on_image | TRACE | Max Y: 1374, Min Y: 1358
 >14.4f | draw_path_on_image | DEBUG | Path length: 1077
 >14.4f | draw_path_on_image | TRACE | Max Y: 1413, Min Y: 1374
 >14.4f | draw_path_on_image | DEBUG | Path length: 998
 >14.4f | draw_path_on_image | TRACE | Max Y: 1452, Min Y: 1436
 >14.4f | draw_path_on_image | DEBUG | Path length: 994
 >14.4f | draw_path_on_image | TRACE | Max Y: 1499, Min Y: 1484
 >14.4f | draw_path_on_image | DEBUG | Path length: 1046
 >14.4f | draw_path_on_image | TRACE | Max Y: 1545, Min Y: 1523
 >14.4f | draw_path_on_image | DEBUG | Path length: 1008
 >14.4f | draw_path_on_image | TRACE | Max Y: 1545, Min Y: 1523
 >14.4f | cropRowsFromImage | INFO | Starting crop between 36 lines
 >14.4f | cropRowsFromImage | DEBUG | Image dimensions: height=1546, width=952
 >14.4f | cropRowsFromImage | TRACE | Crop from y_start=0, to y_end=9
 >14.4f | cropRowsFromImage | TRACE | Crop from y_start=0, to y_end=59
 >14.4f | cropRowsFromImage | TRACE | Crop from y_start=44, to y_end=112
 >14.4f | cropRowsFromImage | TRACE | Crop from y_start=89, to y_end=148
 >14.4f | cropRowsFromImage | TRACE | Crop from y_start=129, to y_end=236
 >14.4f | cropRowsFromImage | TRACE | Crop from y_start=215, to y_end=360
 >14.4f | cropRowsFromImage | TRACE | Crop from y_start=316, to y_end=393
 >14.4f | cropRowsFromImage | TRACE | Crop from y_start=375, to y_end=431
 >14.4f | cropRowsFromImage | TRACE | Crop from y_start=414, to y_end=470
 >14.4f | cropRowsFromImage | TRACE | Crop from y_start=414, to y_end=519
 >14.4f | cropRowsFromImage | TRACE | Crop from y_start=489, to y_end=561
 >14.4f | cropRowsFromImage | TRACE | Crop from y_start=514, to y_end=605
 >14.4f | cropRowsFromImage | TRACE | Crop from y_start=579, to y_end=647
 >14.4f | cropRowsFromImage | TRACE | Crop from y_start=621, to y_end=684
 >14.4f | cropRowsFromImage | TRACE | Crop from y_start=650, to y_end=684
 >14.4f | cropRowsFromImage | TRACE | Crop from y_start=668, to y_end=728
 >14.4f | cropRowsFromImage | TRACE | Crop from y_start=707, to y_end=748
 >14.4f | cropRowsFromImage | TRACE | Crop from y_start=740, to y_end=803
 >14.4f | cropRowsFromImage | TRACE | Crop from y_start=786, to y_end=843
 >14.4f | cropRowsFromImage | TRACE | Crop from y_start=827, to y_end=887
 >14.4f | cropRowsFromImage | TRACE | Crop from y_start=830, to y_end=921
 >14.4f | cropRowsFromImage | TRACE | Crop from y_start=913, to y_end=975
 >14.4f | cropRowsFromImage | TRACE | Crop from y_start=955, to y_end=1046
 >14.4f | cropRowsFromImage | TRACE | Crop from y_start=1014, to y_end=1082
 >14.4f | cropRowsFromImage | TRACE | Crop from y_start=1058, to y_end=1119
 >14.4f | cropRowsFromImage | TRACE | Crop from y_start=1114, to y_end=1170
 >14.4f | cropRowsFromImage | TRACE | Crop from y_start=1135, to y_end=1227
 >14.4f | cropRowsFromImage | TRACE | Crop from y_start=1201, to y_end=1256
 >14.4f | cropRowsFromImage | TRACE | Crop from y_start=1228, to y_end=1286
 >14.4f | cropRowsFromImage | TRACE | Crop from y_start=1267, to y_end=1340
 >14.4f | cropRowsFromImage | TRACE | Crop from y_start=1322, to y_end=1374
 >14.4f | cropRowsFromImage | TRACE | Crop from y_start=1358, to y_end=1413
 >14.4f | cropRowsFromImage | TRACE | Crop from y_start=1374, to y_end=1452
 >14.4f | cropRowsFromImage | TRACE | Crop from y_start=1436, to y_end=1499
 >14.4f | cropRowsFromImage | TRACE | Crop from y_start=1484, to y_end=1545
 >14.4f | cropRowsFromImage | TRACE | Crop from y_start=1545, to y_end=1546
 >14.4f | cropRowsFromImage | INFO | Finished cropping between lines
 >14.4f | cropTextFromRow | INFO | Starting cropTextFromRow
 >14.4f | cropTextFromRow | TRACE | cropTextFromRow(image.shape=(9, 952), transitions=[34, 97, 386, 442])
 >14.4f | cropTextFromRow | DEBUG | Adjusted transitions: [0, 34, 97, 386, 442, 951]
 >14.4f | cropTextFromRow | DEBUG | Cropped image from 0 to 34, resulting shape: (9, 34)
 >14.4f | cropTextFromRow | DEBUG | Cropped image from 34 to 97, resulting shape: (9, 63)
 >14.4f | cropTextFromRow | DEBUG | Cropped image from 97 to 386, resulting shape: (9, 289)
 >14.4f | cropTextFromRow | DEBUG | Cropped image from 386 to 442, resulting shape: (9, 56)
 >14.4f | cropTextFromRow | DEBUG | Cropped image from 442 to 951, resulting shape: (9, 509)
 >14.4f | cropTextFromRow | INFO | Finished cropping, produced 5 cropped images
 >14.4f | cropTextFromRow | INFO | Starting cropTextFromRow
 >14.4f | cropTextFromRow | TRACE | cropTextFromRow(image.shape=(59, 952), transitions=[0, 53, 63, 579, 586, 687, 697, 948])
 >14.4f | cropTextFromRow | DEBUG | Adjusted transitions: [0, 53, 63, 579, 586, 687, 697, 948, 951]
 >14.4f | cropTextFromRow | DEBUG | Cropped image from 0 to 53, resulting shape: (59, 53)
 >14.4f | cropTextFromRow | DEBUG | Cropped image from 53 to 63, resulting shape: (59, 10)
 >14.4f | cropTextFromRow | DEBUG | Cropped image from 63 to 579, resulting shape: (59, 516)
 >14.4f | cropTextFromRow | DEBUG | Cropped image from 579 to 586, resulting shape: (59, 7)
 >14.4f | cropTextFromRow | DEBUG | Cropped image from 586 to 687, resulting shape: (59, 101)
 >14.4f | cropTextFromRow | DEBUG | Cropped image from 687 to 697, resulting shape: (59, 10)
 >14.4f | cropTextFromRow | DEBUG | Cropped image from 697 to 948, resulting shape: (59, 251)
 >14.4f | cropTextFromRow | DEBUG | Cropped image from 948 to 951, resulting shape: (59, 3)
 >14.4f | cropTextFromRow | INFO | Finished cropping, produced 8 cropped images
 >14.4f | cropTextFromRow | INFO | Starting cropTextFromRow
 >14.4f | cropTextFromRow | TRACE | cropTextFromRow(image.shape=(68, 952), transitions=[14, 186, 197, 235, 246, 370, 507, 517, 618, 623, 737, 887, 893])
 >14.4f | cropTextFromRow | DEBUG | Adjusted transitions: [0, 14, 186, 197, 235, 246, 370, 507, 517, 618, 623, 737, 887, 893, 951]
 >14.4f | cropTextFromRow | DEBUG | Cropped image from 0 to 14, resulting shape: (68, 14)
 >14.4f | cropTextFromRow | DEBUG | Cropped image from 14 to 186, resulting shape: (68, 172)
 >14.4f | cropTextFromRow | DEBUG | Cropped image from 186 to 197, resulting shape: (68, 11)
 >14.4f | cropTextFromRow | DEBUG | Cropped image from 197 to 235, resulting shape: (68, 38)
 >14.4f | cropTextFromRow | DEBUG | Cropped image from 235 to 246, resulting shape: (68, 11)
 >14.4f | cropTextFromRow | DEBUG | Cropped image from 246 to 370, resulting shape: (68, 124)
 >14.4f | cropTextFromRow | DEBUG | Cropped image from 370 to 507, resulting shape: (68, 137)
 >14.4f | cropTextFromRow | DEBUG | Cropped image from 507 to 517, resulting shape: (68, 10)
 >14.4f | cropTextFromRow | DEBUG | Cropped image from 517 to 618, resulting shape: (68, 101)
 >14.4f | cropTextFromRow | DEBUG | Cropped image from 618 to 623, resulting shape: (68, 5)
 >14.4f | cropTextFromRow | DEBUG | Cropped image from 623 to 737, resulting shape: (68, 114)
 >14.4f | cropTextFromRow | DEBUG | Cropped image from 737 to 887, resulting shape: (68, 150)
 >14.4f | cropTextFromRow | DEBUG | Cropped image from 887 to 893, resulting shape: (68, 6)
 >14.4f | cropTextFromRow | DEBUG | Cropped image from 893 to 951, resulting shape: (68, 58)
 >14.4f | cropTextFromRow | INFO | Finished cropping, produced 14 cropped images
 >14.4f | cropTextFromRow | INFO | Starting cropTextFromRow
 >14.4f | cropTextFromRow | TRACE | cropTextFromRow(image.shape=(59, 952), transitions=[10, 122, 169, 173, 261, 266, 378, 383, 449, 453, 607, 616, 737, 745, 950])
 >14.4f | cropTextFromRow | DEBUG | Adjusted transitions: [0, 10, 122, 169, 173, 261, 266, 378, 383, 449, 453, 607, 616, 737, 745, 950, 951]
 >14.4f | cropTextFromRow | DEBUG | Cropped image from 0 to 10, resulting shape: (59, 10)
 >14.4f | cropTextFromRow | DEBUG | Cropped image from 10 to 122, resulting shape: (59, 112)
 >14.4f | cropTextFromRow | DEBUG | Cropped image from 122 to 169, resulting shape: (59, 47)
 >14.4f | cropTextFromRow | DEBUG | Cropped image from 169 to 173, resulting shape: (59, 4)
 >14.4f | cropTextFromRow | DEBUG | Cropped image from 173 to 261, resulting shape: (59, 88)
 >14.4f | cropTextFromRow | DEBUG | Cropped image from 261 to 266, resulting shape: (59, 5)
 >14.4f | cropTextFromRow | DEBUG | Cropped image from 266 to 378, resulting shape: (59, 112)
 >14.4f | cropTextFromRow | DEBUG | Cropped image from 378 to 383, resulting shape: (59, 5)
 >14.4f | cropTextFromRow | DEBUG | Cropped image from 383 to 449, resulting shape: (59, 66)
 >14.4f | cropTextFromRow | DEBUG | Cropped image from 449 to 453, resulting shape: (59, 4)
 >14.4f | cropTextFromRow | DEBUG | Cropped image from 453 to 607, resulting shape: (59, 154)
 >14.4f | cropTextFromRow | DEBUG | Cropped image from 607 to 616, resulting shape: (59, 9)
 >14.4f | cropTextFromRow | DEBUG | Cropped image from 616 to 737, resulting shape: (59, 121)
 >14.4f | cropTextFromRow | DEBUG | Cropped image from 737 to 745, resulting shape: (59, 8)
 >14.4f | cropTextFromRow | DEBUG | Cropped image from 745 to 950, resulting shape: (59, 205)
 >14.4f | cropTextFromRow | DEBUG | Cropped image from 950 to 951, resulting shape: (59, 1)
 >14.4f | cropTextFromRow | INFO | Finished cropping, produced 16 cropped images
 >14.4f | cropTextFromRow | INFO | Starting cropTextFromRow
 >14.4f | cropTextFromRow | TRACE | cropTextFromRow(image.shape=(107, 952), transitions=[20])
 >14.4f | cropTextFromRow | DEBUG | Adjusted transitions: [0, 20, 951]
 >14.4f | cropTextFromRow | DEBUG | Cropped image from 0 to 20, resulting shape: (107, 20)
 >14.4f | cropTextFromRow | DEBUG | Cropped image from 20 to 951, resulting shape: (107, 931)
 >14.4f | cropTextFromRow | INFO | Finished cropping, produced 2 cropped images
 >14.4f | cropTextFromRow | INFO | Starting cropTextFromRow
 >14.4f | cropTextFromRow | TRACE | cropTextFromRow(image.shape=(145, 952), transitions=[4, 13, 16, 945, 948])
 >14.4f | cropTextFromRow | DEBUG | Adjusted transitions: [0, 4, 13, 16, 945, 948, 951]
 >14.4f | cropTextFromRow | DEBUG | Cropped image from 0 to 4, resulting shape: (145, 4)
 >14.4f | cropTextFromRow | DEBUG | Cropped image from 4 to 13, resulting shape: (145, 9)
 >14.4f | cropTextFromRow | DEBUG | Cropped image from 13 to 16, resulting shape: (145, 3)
 >14.4f | cropTextFromRow | DEBUG | Cropped image from 16 to 945, resulting shape: (145, 929)
 >14.4f | cropTextFromRow | DEBUG | Cropped image from 945 to 948, resulting shape: (145, 3)
 >14.4f | cropTextFromRow | DEBUG | Cropped image from 948 to 951, resulting shape: (145, 3)
 >14.4f | cropTextFromRow | INFO | Finished cropping, produced 6 cropped images
 >14.4f | cropTextFromRow | INFO | Starting cropTextFromRow
 >14.4f | cropTextFromRow | TRACE | cropTextFromRow(image.shape=(77, 952), transitions=[1, 112, 116, 293, 297, 397, 403, 460, 569, 575, 705, 708, 937])
 >14.4f | cropTextFromRow | DEBUG | Adjusted transitions: [0, 1, 112, 116, 293, 297, 397, 403, 460, 569, 575, 705, 708, 937, 951]
 >14.4f | cropTextFromRow | DEBUG | Cropped image from 0 to 1, resulting shape: (77, 1)
 >14.4f | cropTextFromRow | DEBUG | Cropped image from 1 to 112, resulting shape: (77, 111)
 >14.4f | cropTextFromRow | DEBUG | Cropped image from 112 to 116, resulting shape: (77, 4)
 >14.4f | cropTextFromRow | DEBUG | Cropped image from 116 to 293, resulting shape: (77, 177)
 >14.4f | cropTextFromRow | DEBUG | Cropped image from 293 to 297, resulting shape: (77, 4)
 >14.4f | cropTextFromRow | DEBUG | Cropped image from 297 to 397, resulting shape: (77, 100)
 >14.4f | cropTextFromRow | DEBUG | Cropped image from 397 to 403, resulting shape: (77, 6)
 >14.4f | cropTextFromRow | DEBUG | Cropped image from 403 to 460, resulting shape: (77, 57)
 >14.4f | cropTextFromRow | DEBUG | Cropped image from 460 to 569, resulting shape: (77, 109)
 >14.4f | cropTextFromRow | DEBUG | Cropped image from 569 to 575, resulting shape: (77, 6)
 >14.4f | cropTextFromRow | DEBUG | Cropped image from 575 to 705, resulting shape: (77, 130)
 >14.4f | cropTextFromRow | DEBUG | Cropped image from 705 to 708, resulting shape: (77, 3)
 >14.4f | cropTextFromRow | DEBUG | Cropped image from 708 to 937, resulting shape: (77, 229)
 >14.4f | cropTextFromRow | DEBUG | Cropped image from 937 to 951, resulting shape: (77, 14)
 >14.4f | cropTextFromRow | INFO | Finished cropping, produced 14 cropped images
 >14.4f | cropTextFromRow | INFO | Starting cropTextFromRow
 >14.4f | cropTextFromRow | TRACE | cropTextFromRow(image.shape=(56, 952), transitions=[17, 109, 115, 442, 450, 515, 526, 565, 579, 832, 838, 949])
 >14.4f | cropTextFromRow | DEBUG | Adjusted transitions: [0, 17, 109, 115, 442, 450, 515, 526, 565, 579, 832, 838, 949, 951]
 >14.4f | cropTextFromRow | DEBUG | Cropped image from 0 to 17, resulting shape: (56, 17)
 >14.4f | cropTextFromRow | DEBUG | Cropped image from 17 to 109, resulting shape: (56, 92)
 >14.4f | cropTextFromRow | DEBUG | Cropped image from 109 to 115, resulting shape: (56, 6)
 >14.4f | cropTextFromRow | DEBUG | Cropped image from 115 to 442, resulting shape: (56, 327)
 >14.4f | cropTextFromRow | DEBUG | Cropped image from 442 to 450, resulting shape: (56, 8)
 >14.4f | cropTextFromRow | DEBUG | Cropped image from 450 to 515, resulting shape: (56, 65)
 >14.4f | cropTextFromRow | DEBUG | Cropped image from 515 to 526, resulting shape: (56, 11)
 >14.4f | cropTextFromRow | DEBUG | Cropped image from 526 to 565, resulting shape: (56, 39)
 >14.4f | cropTextFromRow | DEBUG | Cropped image from 565 to 579, resulting shape: (56, 14)
 >14.4f | cropTextFromRow | DEBUG | Cropped image from 579 to 832, resulting shape: (56, 253)
 >14.4f | cropTextFromRow | DEBUG | Cropped image from 832 to 838, resulting shape: (56, 6)
 >14.4f | cropTextFromRow | DEBUG | Cropped image from 838 to 949, resulting shape: (56, 111)
 >14.4f | cropTextFromRow | DEBUG | Cropped image from 949 to 951, resulting shape: (56, 2)
 >14.4f | cropTextFromRow | INFO | Finished cropping, produced 13 cropped images
 >14.4f | cropTextFromRow | INFO | Starting cropTextFromRow
 >14.4f | cropTextFromRow | TRACE | cropTextFromRow(image.shape=(56, 952), transitions=[19, 146, 153, 368, 528, 534, 640, 939])
 >14.4f | cropTextFromRow | DEBUG | Adjusted transitions: [0, 19, 146, 153, 368, 528, 534, 640, 939, 951]
 >14.4f | cropTextFromRow | DEBUG | Cropped image from 0 to 19, resulting shape: (56, 19)
 >14.4f | cropTextFromRow | DEBUG | Cropped image from 19 to 146, resulting shape: (56, 127)
 >14.4f | cropTextFromRow | DEBUG | Cropped image from 146 to 153, resulting shape: (56, 7)
 >14.4f | cropTextFromRow | DEBUG | Cropped image from 153 to 368, resulting shape: (56, 215)
 >14.4f | cropTextFromRow | DEBUG | Cropped image from 368 to 528, resulting shape: (56, 160)
 >14.4f | cropTextFromRow | DEBUG | Cropped image from 528 to 534, resulting shape: (56, 6)
 >14.4f | cropTextFromRow | DEBUG | Cropped image from 534 to 640, resulting shape: (56, 106)
 >14.4f | cropTextFromRow | DEBUG | Cropped image from 640 to 939, resulting shape: (56, 299)
 >14.4f | cropTextFromRow | DEBUG | Cropped image from 939 to 951, resulting shape: (56, 12)
 >14.4f | cropTextFromRow | INFO | Finished cropping, produced 9 cropped images
 >14.4f | cropTextFromRow | INFO | Starting cropTextFromRow
 >14.4f | cropTextFromRow | TRACE | cropTextFromRow(image.shape=(105, 952), transitions=[22, 104, 108, 181, 186, 293, 356, 516, 524, 738, 746, 941, 950])
 >14.4f | cropTextFromRow | DEBUG | Adjusted transitions: [0, 22, 104, 108, 181, 186, 293, 356, 516, 524, 738, 746, 941, 950, 951]
 >14.4f | cropTextFromRow | DEBUG | Cropped image from 0 to 22, resulting shape: (105, 22)
 >14.4f | cropTextFromRow | DEBUG | Cropped image from 22 to 104, resulting shape: (105, 82)
 >14.4f | cropTextFromRow | DEBUG | Cropped image from 104 to 108, resulting shape: (105, 4)
 >14.4f | cropTextFromRow | DEBUG | Cropped image from 108 to 181, resulting shape: (105, 73)
 >14.4f | cropTextFromRow | DEBUG | Cropped image from 181 to 186, resulting shape: (105, 5)
 >14.4f | cropTextFromRow | DEBUG | Cropped image from 186 to 293, resulting shape: (105, 107)
 >14.4f | cropTextFromRow | DEBUG | Cropped image from 293 to 356, resulting shape: (105, 63)
 >14.4f | cropTextFromRow | DEBUG | Cropped image from 356 to 516, resulting shape: (105, 160)
 >14.4f | cropTextFromRow | DEBUG | Cropped image from 516 to 524, resulting shape: (105, 8)
 >14.4f | cropTextFromRow | DEBUG | Cropped image from 524 to 738, resulting shape: (105, 214)
 >14.4f | cropTextFromRow | DEBUG | Cropped image from 738 to 746, resulting shape: (105, 8)
 >14.4f | cropTextFromRow | DEBUG | Cropped image from 746 to 941, resulting shape: (105, 195)
 >14.4f | cropTextFromRow | DEBUG | Cropped image from 941 to 950, resulting shape: (105, 9)
 >14.4f | cropTextFromRow | DEBUG | Cropped image from 950 to 951, resulting shape: (105, 1)
 >14.4f | cropTextFromRow | INFO | Finished cropping, produced 14 cropped images
 >14.4f | cropTextFromRow | INFO | Starting cropTextFromRow
 >14.4f | cropTextFromRow | TRACE | cropTextFromRow(image.shape=(72, 952), transitions=[18, 144, 174, 220, 351, 410, 414, 477, 740, 938, 941, 949])
 >14.4f | cropTextFromRow | DEBUG | Adjusted transitions: [0, 18, 144, 174, 220, 351, 410, 414, 477, 740, 938, 941, 949, 951]
 >14.4f | cropTextFromRow | DEBUG | Cropped image from 0 to 18, resulting shape: (72, 18)
 >14.4f | cropTextFromRow | DEBUG | Cropped image from 18 to 144, resulting shape: (72, 126)
 >14.4f | cropTextFromRow | DEBUG | Cropped image from 144 to 174, resulting shape: (72, 30)
 >14.4f | cropTextFromRow | DEBUG | Cropped image from 174 to 220, resulting shape: (72, 46)
 >14.4f | cropTextFromRow | DEBUG | Cropped image from 220 to 351, resulting shape: (72, 131)
 >14.4f | cropTextFromRow | DEBUG | Cropped image from 351 to 410, resulting shape: (72, 59)
 >14.4f | cropTextFromRow | DEBUG | Cropped image from 410 to 414, resulting shape: (72, 4)
 >14.4f | cropTextFromRow | DEBUG | Cropped image from 414 to 477, resulting shape: (72, 63)
 >14.4f | cropTextFromRow | DEBUG | Cropped image from 477 to 740, resulting shape: (72, 263)
 >14.4f | cropTextFromRow | DEBUG | Cropped image from 740 to 938, resulting shape: (72, 198)
 >14.4f | cropTextFromRow | DEBUG | Cropped image from 938 to 941, resulting shape: (72, 3)
 >14.4f | cropTextFromRow | DEBUG | Cropped image from 941 to 949, resulting shape: (72, 8)
 >14.4f | cropTextFromRow | DEBUG | Cropped image from 949 to 951, resulting shape: (72, 2)
 >14.4f | cropTextFromRow | INFO | Finished cropping, produced 13 cropped images
 >14.4f | cropTextFromRow | INFO | Starting cropTextFromRow
 >14.4f | cropTextFromRow | TRACE | cropTextFromRow(image.shape=(91, 952), transitions=[19, 198, 215, 343, 456, 462, 555, 558, 750, 763, 949])
 >14.4f | cropTextFromRow | DEBUG | Adjusted transitions: [0, 19, 198, 215, 343, 456, 462, 555, 558, 750, 763, 949, 951]
 >14.4f | cropTextFromRow | DEBUG | Cropped image from 0 to 19, resulting shape: (91, 19)
 >14.4f | cropTextFromRow | DEBUG | Cropped image from 19 to 198, resulting shape: (91, 179)
 >14.4f | cropTextFromRow | DEBUG | Cropped image from 198 to 215, resulting shape: (91, 17)
 >14.4f | cropTextFromRow | DEBUG | Cropped image from 215 to 343, resulting shape: (91, 128)
 >14.4f | cropTextFromRow | DEBUG | Cropped image from 343 to 456, resulting shape: (91, 113)
 >14.4f | cropTextFromRow | DEBUG | Cropped image from 456 to 462, resulting shape: (91, 6)
 >14.4f | cropTextFromRow | DEBUG | Cropped image from 462 to 555, resulting shape: (91, 93)
 >14.4f | cropTextFromRow | DEBUG | Cropped image from 555 to 558, resulting shape: (91, 3)
 >14.4f | cropTextFromRow | DEBUG | Cropped image from 558 to 750, resulting shape: (91, 192)
 >14.4f | cropTextFromRow | DEBUG | Cropped image from 750 to 763, resulting shape: (91, 13)
 >14.4f | cropTextFromRow | DEBUG | Cropped image from 763 to 949, resulting shape: (91, 186)
 >14.4f | cropTextFromRow | DEBUG | Cropped image from 949 to 951, resulting shape: (91, 2)
 >14.4f | cropTextFromRow | INFO | Finished cropping, produced 12 cropped images
 >14.4f | cropTextFromRow | INFO | Starting cropTextFromRow
 >14.4f | cropTextFromRow | TRACE | cropTextFromRow(image.shape=(68, 952), transitions=[25, 82, 90, 244, 253, 315, 324, 394, 408, 517, 520, 653, 675, 803, 851, 948])
 >14.4f | cropTextFromRow | DEBUG | Adjusted transitions: [0, 25, 82, 90, 244, 253, 315, 324, 394, 408, 517, 520, 653, 675, 803, 851, 948, 951]
 >14.4f | cropTextFromRow | DEBUG | Cropped image from 0 to 25, resulting shape: (68, 25)
 >14.4f | cropTextFromRow | DEBUG | Cropped image from 25 to 82, resulting shape: (68, 57)
 >14.4f | cropTextFromRow | DEBUG | Cropped image from 82 to 90, resulting shape: (68, 8)
 >14.4f | cropTextFromRow | DEBUG | Cropped image from 90 to 244, resulting shape: (68, 154)
 >14.4f | cropTextFromRow | DEBUG | Cropped image from 244 to 253, resulting shape: (68, 9)
 >14.4f | cropTextFromRow | DEBUG | Cropped image from 253 to 315, resulting shape: (68, 62)
 >14.4f | cropTextFromRow | DEBUG | Cropped image from 315 to 324, resulting shape: (68, 9)
 >14.4f | cropTextFromRow | DEBUG | Cropped image from 324 to 394, resulting shape: (68, 70)
 >14.4f | cropTextFromRow | DEBUG | Cropped image from 394 to 408, resulting shape: (68, 14)
 >14.4f | cropTextFromRow | DEBUG | Cropped image from 408 to 517, resulting shape: (68, 109)
 >14.4f | cropTextFromRow | DEBUG | Cropped image from 517 to 520, resulting shape: (68, 3)
 >14.4f | cropTextFromRow | DEBUG | Cropped image from 520 to 653, resulting shape: (68, 133)
 >14.4f | cropTextFromRow | DEBUG | Cropped image from 653 to 675, resulting shape: (68, 22)
 >14.4f | cropTextFromRow | DEBUG | Cropped image from 675 to 803, resulting shape: (68, 128)
 >14.4f | cropTextFromRow | DEBUG | Cropped image from 803 to 851, resulting shape: (68, 48)
 >14.4f | cropTextFromRow | DEBUG | Cropped image from 851 to 948, resulting shape: (68, 97)
 >14.4f | cropTextFromRow | DEBUG | Cropped image from 948 to 951, resulting shape: (68, 3)
 >14.4f | cropTextFromRow | INFO | Finished cropping, produced 17 cropped images
 >14.4f | cropTextFromRow | INFO | Starting cropTextFromRow
 >14.4f | cropTextFromRow | TRACE | cropTextFromRow(image.shape=(63, 952), transitions=[24, 192, 229, 859, 871, 938, 948])
 >14.4f | cropTextFromRow | DEBUG | Adjusted transitions: [0, 24, 192, 229, 859, 871, 938, 948, 951]
 >14.4f | cropTextFromRow | DEBUG | Cropped image from 0 to 24, resulting shape: (63, 24)
 >14.4f | cropTextFromRow | DEBUG | Cropped image from 24 to 192, resulting shape: (63, 168)
 >14.4f | cropTextFromRow | DEBUG | Cropped image from 192 to 229, resulting shape: (63, 37)
 >14.4f | cropTextFromRow | DEBUG | Cropped image from 229 to 859, resulting shape: (63, 630)
 >14.4f | cropTextFromRow | DEBUG | Cropped image from 859 to 871, resulting shape: (63, 12)
 >14.4f | cropTextFromRow | DEBUG | Cropped image from 871 to 938, resulting shape: (63, 67)
 >14.4f | cropTextFromRow | DEBUG | Cropped image from 938 to 948, resulting shape: (63, 10)
 >14.4f | cropTextFromRow | DEBUG | Cropped image from 948 to 951, resulting shape: (63, 3)
 >14.4f | cropTextFromRow | INFO | Finished cropping, produced 8 cropped images
 >14.4f | cropTextFromRow | INFO | Starting cropTextFromRow
 >14.4f | cropTextFromRow | TRACE | cropTextFromRow(image.shape=(34, 952), transitions=[938, 948])
 >14.4f | cropTextFromRow | DEBUG | Adjusted transitions: [0, 938, 948, 951]
 >14.4f | cropTextFromRow | DEBUG | Cropped image from 0 to 938, resulting shape: (34, 938)
 >14.4f | cropTextFromRow | DEBUG | Cropped image from 938 to 948, resulting shape: (34, 10)
 >14.4f | cropTextFromRow | DEBUG | Cropped image from 948 to 951, resulting shape: (34, 3)
 >14.4f | cropTextFromRow | INFO | Finished cropping, produced 3 cropped images
 >14.4f | cropTextFromRow | INFO | Starting cropTextFromRow
 >14.4f | cropTextFromRow | TRACE | cropTextFromRow(image.shape=(60, 952), transitions=[104, 176, 184, 247, 262, 520, 663, 671, 773, 781, 947])
 >14.4f | cropTextFromRow | DEBUG | Adjusted transitions: [0, 104, 176, 184, 247, 262, 520, 663, 671, 773, 781, 947, 951]
 >14.4f | cropTextFromRow | DEBUG | Cropped image from 0 to 104, resulting shape: (60, 104)
 >14.4f | cropTextFromRow | DEBUG | Cropped image from 104 to 176, resulting shape: (60, 72)
 >14.4f | cropTextFromRow | DEBUG | Cropped image from 176 to 184, resulting shape: (60, 8)
 >14.4f | cropTextFromRow | DEBUG | Cropped image from 184 to 247, resulting shape: (60, 63)
 >14.4f | cropTextFromRow | DEBUG | Cropped image from 247 to 262, resulting shape: (60, 15)
 >14.4f | cropTextFromRow | DEBUG | Cropped image from 262 to 520, resulting shape: (60, 258)
 >14.4f | cropTextFromRow | DEBUG | Cropped image from 520 to 663, resulting shape: (60, 143)
 >14.4f | cropTextFromRow | DEBUG | Cropped image from 663 to 671, resulting shape: (60, 8)
 >14.4f | cropTextFromRow | DEBUG | Cropped image from 671 to 773, resulting shape: (60, 102)
 >14.4f | cropTextFromRow | DEBUG | Cropped image from 773 to 781, resulting shape: (60, 8)
 >14.4f | cropTextFromRow | DEBUG | Cropped image from 781 to 947, resulting shape: (60, 166)
 >14.4f | cropTextFromRow | DEBUG | Cropped image from 947 to 951, resulting shape: (60, 4)
 >14.4f | cropTextFromRow | INFO | Finished cropping, produced 12 cropped images
 >14.4f | cropTextFromRow | INFO | Starting cropTextFromRow
 >14.4f | cropTextFromRow | TRACE | cropTextFromRow(image.shape=(41, 952), transitions=[29, 45, 62, 125, 138, 185, 191, 240, 258, 326, 338, 531, 549, 585, 669, 771, 774, 946])
 >14.4f | cropTextFromRow | DEBUG | Adjusted transitions: [0, 29, 45, 62, 125, 138, 185, 191, 240, 258, 326, 338, 531, 549, 585, 669, 771, 774, 946, 951]
 >14.4f | cropTextFromRow | DEBUG | Cropped image from 0 to 29, resulting shape: (41, 29)
 >14.4f | cropTextFromRow | DEBUG | Cropped image from 29 to 45, resulting shape: (41, 16)
 >14.4f | cropTextFromRow | DEBUG | Cropped image from 45 to 62, resulting shape: (41, 17)
 >14.4f | cropTextFromRow | DEBUG | Cropped image from 62 to 125, resulting shape: (41, 63)
 >14.4f | cropTextFromRow | DEBUG | Cropped image from 125 to 138, resulting shape: (41, 13)
 >14.4f | cropTextFromRow | DEBUG | Cropped image from 138 to 185, resulting shape: (41, 47)
 >14.4f | cropTextFromRow | DEBUG | Cropped image from 185 to 191, resulting shape: (41, 6)
 >14.4f | cropTextFromRow | DEBUG | Cropped image from 191 to 240, resulting shape: (41, 49)
 >14.4f | cropTextFromRow | DEBUG | Cropped image from 240 to 258, resulting shape: (41, 18)
 >14.4f | cropTextFromRow | DEBUG | Cropped image from 258 to 326, resulting shape: (41, 68)
 >14.4f | cropTextFromRow | DEBUG | Cropped image from 326 to 338, resulting shape: (41, 12)
 >14.4f | cropTextFromRow | DEBUG | Cropped image from 338 to 531, resulting shape: (41, 193)
 >14.4f | cropTextFromRow | DEBUG | Cropped image from 531 to 549, resulting shape: (41, 18)
 >14.4f | cropTextFromRow | DEBUG | Cropped image from 549 to 585, resulting shape: (41, 36)
 >14.4f | cropTextFromRow | DEBUG | Cropped image from 585 to 669, resulting shape: (41, 84)
 >14.4f | cropTextFromRow | DEBUG | Cropped image from 669 to 771, resulting shape: (41, 102)
 >14.4f | cropTextFromRow | DEBUG | Cropped image from 771 to 774, resulting shape: (41, 3)
 >14.4f | cropTextFromRow | DEBUG | Cropped image from 774 to 946, resulting shape: (41, 172)
 >14.4f | cropTextFromRow | DEBUG | Cropped image from 946 to 951, resulting shape: (41, 5)
 >14.4f | cropTextFromRow | INFO | Finished cropping, produced 19 cropped images
 >14.4f | cropTextFromRow | INFO | Starting cropTextFromRow
 >14.4f | cropTextFromRow | TRACE | cropTextFromRow(image.shape=(63, 952), transitions=[31, 378, 389, 516, 520, 569, 572, 666, 702, 709, 774, 785, 816, 824, 918, 923, 938])
 >14.4f | cropTextFromRow | DEBUG | Adjusted transitions: [0, 31, 378, 389, 516, 520, 569, 572, 666, 702, 709, 774, 785, 816, 824, 918, 923, 938, 951]
 >14.4f | cropTextFromRow | DEBUG | Cropped image from 0 to 31, resulting shape: (63, 31)
 >14.4f | cropTextFromRow | DEBUG | Cropped image from 31 to 378, resulting shape: (63, 347)
 >14.4f | cropTextFromRow | DEBUG | Cropped image from 378 to 389, resulting shape: (63, 11)
 >14.4f | cropTextFromRow | DEBUG | Cropped image from 389 to 516, resulting shape: (63, 127)
 >14.4f | cropTextFromRow | DEBUG | Cropped image from 516 to 520, resulting shape: (63, 4)
 >14.4f | cropTextFromRow | DEBUG | Cropped image from 520 to 569, resulting shape: (63, 49)
 >14.4f | cropTextFromRow | DEBUG | Cropped image from 569 to 572, resulting shape: (63, 3)
 >14.4f | cropTextFromRow | DEBUG | Cropped image from 572 to 666, resulting shape: (63, 94)
 >14.4f | cropTextFromRow | DEBUG | Cropped image from 666 to 702, resulting shape: (63, 36)
 >14.4f | cropTextFromRow | DEBUG | Cropped image from 702 to 709, resulting shape: (63, 7)
 >14.4f | cropTextFromRow | DEBUG | Cropped image from 709 to 774, resulting shape: (63, 65)
 >14.4f | cropTextFromRow | DEBUG | Cropped image from 774 to 785, resulting shape: (63, 11)
 >14.4f | cropTextFromRow | DEBUG | Cropped image from 785 to 816, resulting shape: (63, 31)
 >14.4f | cropTextFromRow | DEBUG | Cropped image from 816 to 824, resulting shape: (63, 8)
 >14.4f | cropTextFromRow | DEBUG | Cropped image from 824 to 918, resulting shape: (63, 94)
 >14.4f | cropTextFromRow | DEBUG | Cropped image from 918 to 923, resulting shape: (63, 5)
 >14.4f | cropTextFromRow | DEBUG | Cropped image from 923 to 938, resulting shape: (63, 15)
 >14.4f | cropTextFromRow | DEBUG | Cropped image from 938 to 951, resulting shape: (63, 13)
 >14.4f | cropTextFromRow | INFO | Finished cropping, produced 18 cropped images
 >14.4f | cropTextFromRow | INFO | Starting cropTextFromRow
 >14.4f | cropTextFromRow | TRACE | cropTextFromRow(image.shape=(57, 952), transitions=[13, 121, 125, 282, 383, 394, 448, 573, 579, 752, 755, 798, 805, 947])
 >14.4f | cropTextFromRow | DEBUG | Adjusted transitions: [0, 13, 121, 125, 282, 383, 394, 448, 573, 579, 752, 755, 798, 805, 947, 951]
 >14.4f | cropTextFromRow | DEBUG | Cropped image from 0 to 13, resulting shape: (57, 13)
 >14.4f | cropTextFromRow | DEBUG | Cropped image from 13 to 121, resulting shape: (57, 108)
 >14.4f | cropTextFromRow | DEBUG | Cropped image from 121 to 125, resulting shape: (57, 4)
 >14.4f | cropTextFromRow | DEBUG | Cropped image from 125 to 282, resulting shape: (57, 157)
 >14.4f | cropTextFromRow | DEBUG | Cropped image from 282 to 383, resulting shape: (57, 101)
 >14.4f | cropTextFromRow | DEBUG | Cropped image from 383 to 394, resulting shape: (57, 11)
 >14.4f | cropTextFromRow | DEBUG | Cropped image from 394 to 448, resulting shape: (57, 54)
 >14.4f | cropTextFromRow | DEBUG | Cropped image from 448 to 573, resulting shape: (57, 125)
 >14.4f | cropTextFromRow | DEBUG | Cropped image from 573 to 579, resulting shape: (57, 6)
 >14.4f | cropTextFromRow | DEBUG | Cropped image from 579 to 752, resulting shape: (57, 173)
 >14.4f | cropTextFromRow | DEBUG | Cropped image from 752 to 755, resulting shape: (57, 3)
 >14.4f | cropTextFromRow | DEBUG | Cropped image from 755 to 798, resulting shape: (57, 43)
 >14.4f | cropTextFromRow | DEBUG | Cropped image from 798 to 805, resulting shape: (57, 7)
 >14.4f | cropTextFromRow | DEBUG | Cropped image from 805 to 947, resulting shape: (57, 142)
 >14.4f | cropTextFromRow | DEBUG | Cropped image from 947 to 951, resulting shape: (57, 4)
 >14.4f | cropTextFromRow | INFO | Finished cropping, produced 15 cropped images
 >14.4f | cropTextFromRow | INFO | Starting cropTextFromRow
 >14.4f | cropTextFromRow | TRACE | cropTextFromRow(image.shape=(60, 952), transitions=[16, 204, 259, 298, 301, 474, 477, 594, 725, 734, 922])
 >14.4f | cropTextFromRow | DEBUG | Adjusted transitions: [0, 16, 204, 259, 298, 301, 474, 477, 594, 725, 734, 922, 951]
 >14.4f | cropTextFromRow | DEBUG | Cropped image from 0 to 16, resulting shape: (60, 16)
 >14.4f | cropTextFromRow | DEBUG | Cropped image from 16 to 204, resulting shape: (60, 188)
 >14.4f | cropTextFromRow | DEBUG | Cropped image from 204 to 259, resulting shape: (60, 55)
 >14.4f | cropTextFromRow | DEBUG | Cropped image from 259 to 298, resulting shape: (60, 39)
 >14.4f | cropTextFromRow | DEBUG | Cropped image from 298 to 301, resulting shape: (60, 3)
 >14.4f | cropTextFromRow | DEBUG | Cropped image from 301 to 474, resulting shape: (60, 173)
 >14.4f | cropTextFromRow | DEBUG | Cropped image from 474 to 477, resulting shape: (60, 3)
 >14.4f | cropTextFromRow | DEBUG | Cropped image from 477 to 594, resulting shape: (60, 117)
 >14.4f | cropTextFromRow | DEBUG | Cropped image from 594 to 725, resulting shape: (60, 131)
 >14.4f | cropTextFromRow | DEBUG | Cropped image from 725 to 734, resulting shape: (60, 9)
 >14.4f | cropTextFromRow | DEBUG | Cropped image from 734 to 922, resulting shape: (60, 188)
 >14.4f | cropTextFromRow | DEBUG | Cropped image from 922 to 951, resulting shape: (60, 29)
 >14.4f | cropTextFromRow | INFO | Finished cropping, produced 12 cropped images
 >14.4f | cropTextFromRow | INFO | Starting cropTextFromRow
 >14.4f | cropTextFromRow | TRACE | cropTextFromRow(image.shape=(91, 952), transitions=[27, 100, 106, 255, 263, 304, 307, 456, 460, 584, 589, 928, 939, 947])
 >14.4f | cropTextFromRow | DEBUG | Adjusted transitions: [0, 27, 100, 106, 255, 263, 304, 307, 456, 460, 584, 589, 928, 939, 947, 951]
 >14.4f | cropTextFromRow | DEBUG | Cropped image from 0 to 27, resulting shape: (91, 27)
 >14.4f | cropTextFromRow | DEBUG | Cropped image from 27 to 100, resulting shape: (91, 73)
 >14.4f | cropTextFromRow | DEBUG | Cropped image from 100 to 106, resulting shape: (91, 6)
 >14.4f | cropTextFromRow | DEBUG | Cropped image from 106 to 255, resulting shape: (91, 149)
 >14.4f | cropTextFromRow | DEBUG | Cropped image from 255 to 263, resulting shape: (91, 8)
 >14.4f | cropTextFromRow | DEBUG | Cropped image from 263 to 304, resulting shape: (91, 41)
 >14.4f | cropTextFromRow | DEBUG | Cropped image from 304 to 307, resulting shape: (91, 3)
 >14.4f | cropTextFromRow | DEBUG | Cropped image from 307 to 456, resulting shape: (91, 149)
 >14.4f | cropTextFromRow | DEBUG | Cropped image from 456 to 460, resulting shape: (91, 4)
 >14.4f | cropTextFromRow | DEBUG | Cropped image from 460 to 584, resulting shape: (91, 124)
 >14.4f | cropTextFromRow | DEBUG | Cropped image from 584 to 589, resulting shape: (91, 5)
 >14.4f | cropTextFromRow | DEBUG | Cropped image from 589 to 928, resulting shape: (91, 339)
 >14.4f | cropTextFromRow | DEBUG | Cropped image from 928 to 939, resulting shape: (91, 11)
 >14.4f | cropTextFromRow | DEBUG | Cropped image from 939 to 947, resulting shape: (91, 8)
 >14.4f | cropTextFromRow | DEBUG | Cropped image from 947 to 951, resulting shape: (91, 4)
 >14.4f | cropTextFromRow | INFO | Finished cropping, produced 15 cropped images
 >14.4f | cropTextFromRow | INFO | Starting cropTextFromRow
 >14.4f | cropTextFromRow | TRACE | cropTextFromRow(image.shape=(62, 952), transitions=[0, 11, 16, 132, 152, 286, 350, 356, 457, 467, 537, 546, 744, 751, 780, 788, 877, 885, 947])
 >14.4f | cropTextFromRow | DEBUG | Adjusted transitions: [0, 11, 16, 132, 152, 286, 350, 356, 457, 467, 537, 546, 744, 751, 780, 788, 877, 885, 947, 951]
 >14.4f | cropTextFromRow | DEBUG | Cropped image from 0 to 11, resulting shape: (62, 11)
 >14.4f | cropTextFromRow | DEBUG | Cropped image from 11 to 16, resulting shape: (62, 5)
 >14.4f | cropTextFromRow | DEBUG | Cropped image from 16 to 132, resulting shape: (62, 116)
 >14.4f | cropTextFromRow | DEBUG | Cropped image from 132 to 152, resulting shape: (62, 20)
 >14.4f | cropTextFromRow | DEBUG | Cropped image from 152 to 286, resulting shape: (62, 134)
 >14.4f | cropTextFromRow | DEBUG | Cropped image from 286 to 350, resulting shape: (62, 64)
 >14.4f | cropTextFromRow | DEBUG | Cropped image from 350 to 356, resulting shape: (62, 6)
 >14.4f | cropTextFromRow | DEBUG | Cropped image from 356 to 457, resulting shape: (62, 101)
 >14.4f | cropTextFromRow | DEBUG | Cropped image from 457 to 467, resulting shape: (62, 10)
 >14.4f | cropTextFromRow | DEBUG | Cropped image from 467 to 537, resulting shape: (62, 70)
 >14.4f | cropTextFromRow | DEBUG | Cropped image from 537 to 546, resulting shape: (62, 9)
 >14.4f | cropTextFromRow | DEBUG | Cropped image from 546 to 744, resulting shape: (62, 198)
 >14.4f | cropTextFromRow | DEBUG | Cropped image from 744 to 751, resulting shape: (62, 7)
 >14.4f | cropTextFromRow | DEBUG | Cropped image from 751 to 780, resulting shape: (62, 29)
 >14.4f | cropTextFromRow | DEBUG | Cropped image from 780 to 788, resulting shape: (62, 8)
 >14.4f | cropTextFromRow | DEBUG | Cropped image from 788 to 877, resulting shape: (62, 89)
 >14.4f | cropTextFromRow | DEBUG | Cropped image from 877 to 885, resulting shape: (62, 8)
 >14.4f | cropTextFromRow | DEBUG | Cropped image from 885 to 947, resulting shape: (62, 62)
 >14.4f | cropTextFromRow | DEBUG | Cropped image from 947 to 951, resulting shape: (62, 4)
 >14.4f | cropTextFromRow | INFO | Finished cropping, produced 19 cropped images
 >14.4f | cropTextFromRow | INFO | Starting cropTextFromRow
 >14.4f | cropTextFromRow | TRACE | cropTextFromRow(image.shape=(91, 952), transitions=[0, 13, 17, 942])
 >14.4f | cropTextFromRow | DEBUG | Adjusted transitions: [0, 13, 17, 942, 951]
 >14.4f | cropTextFromRow | DEBUG | Cropped image from 0 to 13, resulting shape: (91, 13)
 >14.4f | cropTextFromRow | DEBUG | Cropped image from 13 to 17, resulting shape: (91, 4)
 >14.4f | cropTextFromRow | DEBUG | Cropped image from 17 to 942, resulting shape: (91, 925)
 >14.4f | cropTextFromRow | DEBUG | Cropped image from 942 to 951, resulting shape: (91, 9)
 >14.4f | cropTextFromRow | INFO | Finished cropping, produced 4 cropped images
 >14.4f | cropTextFromRow | INFO | Starting cropTextFromRow
 >14.4f | cropTextFromRow | TRACE | cropTextFromRow(image.shape=(68, 952), transitions=[8, 51, 137, 146, 177, 185, 462, 562, 573, 688, 695, 743, 762, 935])
 >14.4f | cropTextFromRow | DEBUG | Adjusted transitions: [0, 8, 51, 137, 146, 177, 185, 462, 562, 573, 688, 695, 743, 762, 935, 951]
 >14.4f | cropTextFromRow | DEBUG | Cropped image from 0 to 8, resulting shape: (68, 8)
 >14.4f | cropTextFromRow | DEBUG | Cropped image from 8 to 51, resulting shape: (68, 43)
 >14.4f | cropTextFromRow | DEBUG | Cropped image from 51 to 137, resulting shape: (68, 86)
 >14.4f | cropTextFromRow | DEBUG | Cropped image from 137 to 146, resulting shape: (68, 9)
 >14.4f | cropTextFromRow | DEBUG | Cropped image from 146 to 177, resulting shape: (68, 31)
 >14.4f | cropTextFromRow | DEBUG | Cropped image from 177 to 185, resulting shape: (68, 8)
 >14.4f | cropTextFromRow | DEBUG | Cropped image from 185 to 462, resulting shape: (68, 277)
 >14.4f | cropTextFromRow | DEBUG | Cropped image from 462 to 562, resulting shape: (68, 100)
 >14.4f | cropTextFromRow | DEBUG | Cropped image from 562 to 573, resulting shape: (68, 11)
 >14.4f | cropTextFromRow | DEBUG | Cropped image from 573 to 688, resulting shape: (68, 115)
 >14.4f | cropTextFromRow | DEBUG | Cropped image from 688 to 695, resulting shape: (68, 7)
 >14.4f | cropTextFromRow | DEBUG | Cropped image from 695 to 743, resulting shape: (68, 48)
 >14.4f | cropTextFromRow | DEBUG | Cropped image from 743 to 762, resulting shape: (68, 19)
 >14.4f | cropTextFromRow | DEBUG | Cropped image from 762 to 935, resulting shape: (68, 173)
 >14.4f | cropTextFromRow | DEBUG | Cropped image from 935 to 951, resulting shape: (68, 16)
 >14.4f | cropTextFromRow | INFO | Finished cropping, produced 15 cropped images
 >14.4f | cropTextFromRow | INFO | Starting cropTextFromRow
 >14.4f | cropTextFromRow | TRACE | cropTextFromRow(image.shape=(61, 952), transitions=[14, 47, 56, 106, 110, 201, 207, 284, 290, 415, 743, 753, 893, 933, 940, 946])
 >14.4f | cropTextFromRow | DEBUG | Adjusted transitions: [0, 14, 47, 56, 106, 110, 201, 207, 284, 290, 415, 743, 753, 893, 933, 940, 946, 951]
 >14.4f | cropTextFromRow | DEBUG | Cropped image from 0 to 14, resulting shape: (61, 14)
 >14.4f | cropTextFromRow | DEBUG | Cropped image from 14 to 47, resulting shape: (61, 33)
 >14.4f | cropTextFromRow | DEBUG | Cropped image from 47 to 56, resulting shape: (61, 9)
 >14.4f | cropTextFromRow | DEBUG | Cropped image from 56 to 106, resulting shape: (61, 50)
 >14.4f | cropTextFromRow | DEBUG | Cropped image from 106 to 110, resulting shape: (61, 4)
 >14.4f | cropTextFromRow | DEBUG | Cropped image from 110 to 201, resulting shape: (61, 91)
 >14.4f | cropTextFromRow | DEBUG | Cropped image from 201 to 207, resulting shape: (61, 6)
 >14.4f | cropTextFromRow | DEBUG | Cropped image from 207 to 284, resulting shape: (61, 77)
 >14.4f | cropTextFromRow | DEBUG | Cropped image from 284 to 290, resulting shape: (61, 6)
 >14.4f | cropTextFromRow | DEBUG | Cropped image from 290 to 415, resulting shape: (61, 125)
 >14.4f | cropTextFromRow | DEBUG | Cropped image from 415 to 743, resulting shape: (61, 328)
 >14.4f | cropTextFromRow | DEBUG | Cropped image from 743 to 753, resulting shape: (61, 10)
 >14.4f | cropTextFromRow | DEBUG | Cropped image from 753 to 893, resulting shape: (61, 140)
 >14.4f | cropTextFromRow | DEBUG | Cropped image from 893 to 933, resulting shape: (61, 40)
 >14.4f | cropTextFromRow | DEBUG | Cropped image from 933 to 940, resulting shape: (61, 7)
 >14.4f | cropTextFromRow | DEBUG | Cropped image from 940 to 946, resulting shape: (61, 6)
 >14.4f | cropTextFromRow | DEBUG | Cropped image from 946 to 951, resulting shape: (61, 5)
 >14.4f | cropTextFromRow | INFO | Finished cropping, produced 17 cropped images
 >14.4f | cropTextFromRow | INFO | Starting cropTextFromRow
 >14.4f | cropTextFromRow | TRACE | cropTextFromRow(image.shape=(56, 952), transitions=[14, 226, 241, 469, 494, 622, 629, 799, 809, 945])
 >14.4f | cropTextFromRow | DEBUG | Adjusted transitions: [0, 14, 226, 241, 469, 494, 622, 629, 799, 809, 945, 951]
 >14.4f | cropTextFromRow | DEBUG | Cropped image from 0 to 14, resulting shape: (56, 14)
 >14.4f | cropTextFromRow | DEBUG | Cropped image from 14 to 226, resulting shape: (56, 212)
 >14.4f | cropTextFromRow | DEBUG | Cropped image from 226 to 241, resulting shape: (56, 15)
 >14.4f | cropTextFromRow | DEBUG | Cropped image from 241 to 469, resulting shape: (56, 228)
 >14.4f | cropTextFromRow | DEBUG | Cropped image from 469 to 494, resulting shape: (56, 25)
 >14.4f | cropTextFromRow | DEBUG | Cropped image from 494 to 622, resulting shape: (56, 128)
 >14.4f | cropTextFromRow | DEBUG | Cropped image from 622 to 629, resulting shape: (56, 7)
 >14.4f | cropTextFromRow | DEBUG | Cropped image from 629 to 799, resulting shape: (56, 170)
 >14.4f | cropTextFromRow | DEBUG | Cropped image from 799 to 809, resulting shape: (56, 10)
 >14.4f | cropTextFromRow | DEBUG | Cropped image from 809 to 945, resulting shape: (56, 136)
 >14.4f | cropTextFromRow | DEBUG | Cropped image from 945 to 951, resulting shape: (56, 6)
 >14.4f | cropTextFromRow | INFO | Finished cropping, produced 11 cropped images
 >14.4f | cropTextFromRow | INFO | Starting cropTextFromRow
 >14.4f | cropTextFromRow | TRACE | cropTextFromRow(image.shape=(92, 952), transitions=[20, 77, 88, 400, 405, 538, 552, 643, 654, 785, 800, 917, 936, 946])
 >14.4f | cropTextFromRow | DEBUG | Adjusted transitions: [0, 20, 77, 88, 400, 405, 538, 552, 643, 654, 785, 800, 917, 936, 946, 951]
 >14.4f | cropTextFromRow | DEBUG | Cropped image from 0 to 20, resulting shape: (92, 20)
 >14.4f | cropTextFromRow | DEBUG | Cropped image from 20 to 77, resulting shape: (92, 57)
 >14.4f | cropTextFromRow | DEBUG | Cropped image from 77 to 88, resulting shape: (92, 11)
 >14.4f | cropTextFromRow | DEBUG | Cropped image from 88 to 400, resulting shape: (92, 312)
 >14.4f | cropTextFromRow | DEBUG | Cropped image from 400 to 405, resulting shape: (92, 5)
 >14.4f | cropTextFromRow | DEBUG | Cropped image from 405 to 538, resulting shape: (92, 133)
 >14.4f | cropTextFromRow | DEBUG | Cropped image from 538 to 552, resulting shape: (92, 14)
 >14.4f | cropTextFromRow | DEBUG | Cropped image from 552 to 643, resulting shape: (92, 91)
 >14.4f | cropTextFromRow | DEBUG | Cropped image from 643 to 654, resulting shape: (92, 11)
 >14.4f | cropTextFromRow | DEBUG | Cropped image from 654 to 785, resulting shape: (92, 131)
 >14.4f | cropTextFromRow | DEBUG | Cropped image from 785 to 800, resulting shape: (92, 15)
 >14.4f | cropTextFromRow | DEBUG | Cropped image from 800 to 917, resulting shape: (92, 117)
 >14.4f | cropTextFromRow | DEBUG | Cropped image from 917 to 936, resulting shape: (92, 19)
 >14.4f | cropTextFromRow | DEBUG | Cropped image from 936 to 946, resulting shape: (92, 10)
 >14.4f | cropTextFromRow | DEBUG | Cropped image from 946 to 951, resulting shape: (92, 5)
 >14.4f | cropTextFromRow | INFO | Finished cropping, produced 15 cropped images
 >14.4f | cropTextFromRow | INFO | Starting cropTextFromRow
 >14.4f | cropTextFromRow | TRACE | cropTextFromRow(image.shape=(55, 952), transitions=[16, 72, 82, 169, 181, 232, 315, 500, 517, 556, 562, 660, 667, 924])
 >14.4f | cropTextFromRow | DEBUG | Adjusted transitions: [0, 16, 72, 82, 169, 181, 232, 315, 500, 517, 556, 562, 660, 667, 924, 951]
 >14.4f | cropTextFromRow | DEBUG | Cropped image from 0 to 16, resulting shape: (55, 16)
 >14.4f | cropTextFromRow | DEBUG | Cropped image from 16 to 72, resulting shape: (55, 56)
 >14.4f | cropTextFromRow | DEBUG | Cropped image from 72 to 82, resulting shape: (55, 10)
 >14.4f | cropTextFromRow | DEBUG | Cropped image from 82 to 169, resulting shape: (55, 87)
 >14.4f | cropTextFromRow | DEBUG | Cropped image from 169 to 181, resulting shape: (55, 12)
 >14.4f | cropTextFromRow | DEBUG | Cropped image from 181 to 232, resulting shape: (55, 51)
 >14.4f | cropTextFromRow | DEBUG | Cropped image from 232 to 315, resulting shape: (55, 83)
 >14.4f | cropTextFromRow | DEBUG | Cropped image from 315 to 500, resulting shape: (55, 185)
 >14.4f | cropTextFromRow | DEBUG | Cropped image from 500 to 517, resulting shape: (55, 17)
 >14.4f | cropTextFromRow | DEBUG | Cropped image from 517 to 556, resulting shape: (55, 39)
 >14.4f | cropTextFromRow | DEBUG | Cropped image from 556 to 562, resulting shape: (55, 6)
 >14.4f | cropTextFromRow | DEBUG | Cropped image from 562 to 660, resulting shape: (55, 98)
 >14.4f | cropTextFromRow | DEBUG | Cropped image from 660 to 667, resulting shape: (55, 7)
 >14.4f | cropTextFromRow | DEBUG | Cropped image from 667 to 924, resulting shape: (55, 257)
 >14.4f | cropTextFromRow | DEBUG | Cropped image from 924 to 951, resulting shape: (55, 27)
 >14.4f | cropTextFromRow | INFO | Finished cropping, produced 15 cropped images
 >14.4f | cropTextFromRow | INFO | Starting cropTextFromRow
 >14.4f | cropTextFromRow | TRACE | cropTextFromRow(image.shape=(58, 952), transitions=[23, 125, 130, 247, 260, 345, 402, 407, 482, 521, 535, 598, 605, 653, 770, 776, 797, 919, 940, 948])
 >14.4f | cropTextFromRow | DEBUG | Adjusted transitions: [0, 23, 125, 130, 247, 260, 345, 402, 407, 482, 521, 535, 598, 605, 653, 770, 776, 797, 919, 940, 948, 951]
 >14.4f | cropTextFromRow | DEBUG | Cropped image from 0 to 23, resulting shape: (58, 23)
 >14.4f | cropTextFromRow | DEBUG | Cropped image from 23 to 125, resulting shape: (58, 102)
 >14.4f | cropTextFromRow | DEBUG | Cropped image from 125 to 130, resulting shape: (58, 5)
 >14.4f | cropTextFromRow | DEBUG | Cropped image from 130 to 247, resulting shape: (58, 117)
 >14.4f | cropTextFromRow | DEBUG | Cropped image from 247 to 260, resulting shape: (58, 13)
 >14.4f | cropTextFromRow | DEBUG | Cropped image from 260 to 345, resulting shape: (58, 85)
 >14.4f | cropTextFromRow | DEBUG | Cropped image from 345 to 402, resulting shape: (58, 57)
 >14.4f | cropTextFromRow | DEBUG | Cropped image from 402 to 407, resulting shape: (58, 5)
 >14.4f | cropTextFromRow | DEBUG | Cropped image from 407 to 482, resulting shape: (58, 75)
 >14.4f | cropTextFromRow | DEBUG | Cropped image from 482 to 521, resulting shape: (58, 39)
 >14.4f | cropTextFromRow | DEBUG | Cropped image from 521 to 535, resulting shape: (58, 14)
 >14.4f | cropTextFromRow | DEBUG | Cropped image from 535 to 598, resulting shape: (58, 63)
 >14.4f | cropTextFromRow | DEBUG | Cropped image from 598 to 605, resulting shape: (58, 7)
 >14.4f | cropTextFromRow | DEBUG | Cropped image from 605 to 653, resulting shape: (58, 48)
 >14.4f | cropTextFromRow | DEBUG | Cropped image from 653 to 770, resulting shape: (58, 117)
 >14.4f | cropTextFromRow | DEBUG | Cropped image from 770 to 776, resulting shape: (58, 6)
 >14.4f | cropTextFromRow | DEBUG | Cropped image from 776 to 797, resulting shape: (58, 21)
 >14.4f | cropTextFromRow | DEBUG | Cropped image from 797 to 919, resulting shape: (58, 122)
 >14.4f | cropTextFromRow | DEBUG | Cropped image from 919 to 940, resulting shape: (58, 21)
 >14.4f | cropTextFromRow | DEBUG | Cropped image from 940 to 948, resulting shape: (58, 8)
 >14.4f | cropTextFromRow | DEBUG | Cropped image from 948 to 951, resulting shape: (58, 3)
 >14.4f | cropTextFromRow | INFO | Finished cropping, produced 21 cropped images
 >14.4f | cropTextFromRow | INFO | Starting cropTextFromRow
 >14.4f | cropTextFromRow | TRACE | cropTextFromRow(image.shape=(73, 952), transitions=[15, 99, 106, 196, 200, 385, 396, 487, 496, 527, 629, 638, 794, 800, 929, 942])
 >14.4f | cropTextFromRow | DEBUG | Adjusted transitions: [0, 15, 99, 106, 196, 200, 385, 396, 487, 496, 527, 629, 638, 794, 800, 929, 942, 951]
 >14.4f | cropTextFromRow | DEBUG | Cropped image from 0 to 15, resulting shape: (73, 15)
 >14.4f | cropTextFromRow | DEBUG | Cropped image from 15 to 99, resulting shape: (73, 84)
 >14.4f | cropTextFromRow | DEBUG | Cropped image from 99 to 106, resulting shape: (73, 7)
 >14.4f | cropTextFromRow | DEBUG | Cropped image from 106 to 196, resulting shape: (73, 90)
 >14.4f | cropTextFromRow | DEBUG | Cropped image from 196 to 200, resulting shape: (73, 4)
 >14.4f | cropTextFromRow | DEBUG | Cropped image from 200 to 385, resulting shape: (73, 185)
 >14.4f | cropTextFromRow | DEBUG | Cropped image from 385 to 396, resulting shape: (73, 11)
 >14.4f | cropTextFromRow | DEBUG | Cropped image from 396 to 487, resulting shape: (73, 91)
 >14.4f | cropTextFromRow | DEBUG | Cropped image from 487 to 496, resulting shape: (73, 9)
 >14.4f | cropTextFromRow | DEBUG | Cropped image from 496 to 527, resulting shape: (73, 31)
 >14.4f | cropTextFromRow | DEBUG | Cropped image from 527 to 629, resulting shape: (73, 102)
 >14.4f | cropTextFromRow | DEBUG | Cropped image from 629 to 638, resulting shape: (73, 9)
 >14.4f | cropTextFromRow | DEBUG | Cropped image from 638 to 794, resulting shape: (73, 156)
 >14.4f | cropTextFromRow | DEBUG | Cropped image from 794 to 800, resulting shape: (73, 6)
 >14.4f | cropTextFromRow | DEBUG | Cropped image from 800 to 929, resulting shape: (73, 129)
 >14.4f | cropTextFromRow | DEBUG | Cropped image from 929 to 942, resulting shape: (73, 13)
 >14.4f | cropTextFromRow | DEBUG | Cropped image from 942 to 951, resulting shape: (73, 9)
 >14.4f | cropTextFromRow | INFO | Finished cropping, produced 17 cropped images
 >14.4f | cropTextFromRow | INFO | Starting cropTextFromRow
 >14.4f | cropTextFromRow | TRACE | cropTextFromRow(image.shape=(52, 952), transitions=[14, 137, 141, 208, 218, 325, 334, 491, 508, 528, 552, 580, 589, 836, 845, 909, 942])
 >14.4f | cropTextFromRow | DEBUG | Adjusted transitions: [0, 14, 137, 141, 208, 218, 325, 334, 491, 508, 528, 552, 580, 589, 836, 845, 909, 942, 951]
 >14.4f | cropTextFromRow | DEBUG | Cropped image from 0 to 14, resulting shape: (52, 14)
 >14.4f | cropTextFromRow | DEBUG | Cropped image from 14 to 137, resulting shape: (52, 123)
 >14.4f | cropTextFromRow | DEBUG | Cropped image from 137 to 141, resulting shape: (52, 4)
 >14.4f | cropTextFromRow | DEBUG | Cropped image from 141 to 208, resulting shape: (52, 67)
 >14.4f | cropTextFromRow | DEBUG | Cropped image from 208 to 218, resulting shape: (52, 10)
 >14.4f | cropTextFromRow | DEBUG | Cropped image from 218 to 325, resulting shape: (52, 107)
 >14.4f | cropTextFromRow | DEBUG | Cropped image from 325 to 334, resulting shape: (52, 9)
 >14.4f | cropTextFromRow | DEBUG | Cropped image from 334 to 491, resulting shape: (52, 157)
 >14.4f | cropTextFromRow | DEBUG | Cropped image from 491 to 508, resulting shape: (52, 17)
 >14.4f | cropTextFromRow | DEBUG | Cropped image from 508 to 528, resulting shape: (52, 20)
 >14.4f | cropTextFromRow | DEBUG | Cropped image from 528 to 552, resulting shape: (52, 24)
 >14.4f | cropTextFromRow | DEBUG | Cropped image from 552 to 580, resulting shape: (52, 28)
 >14.4f | cropTextFromRow | DEBUG | Cropped image from 580 to 589, resulting shape: (52, 9)
 >14.4f | cropTextFromRow | DEBUG | Cropped image from 589 to 836, resulting shape: (52, 247)
 >14.4f | cropTextFromRow | DEBUG | Cropped image from 836 to 845, resulting shape: (52, 9)
 >14.4f | cropTextFromRow | DEBUG | Cropped image from 845 to 909, resulting shape: (52, 64)
 >14.4f | cropTextFromRow | DEBUG | Cropped image from 909 to 942, resulting shape: (52, 33)
 >14.4f | cropTextFromRow | DEBUG | Cropped image from 942 to 951, resulting shape: (52, 9)
 >14.4f | cropTextFromRow | INFO | Finished cropping, produced 18 cropped images
 >14.4f | cropTextFromRow | INFO | Starting cropTextFromRow
 >14.4f | cropTextFromRow | TRACE | cropTextFromRow(image.shape=(55, 952), transitions=[6, 126, 148, 210, 225, 347, 350, 447, 563, 663, 671, 771, 791, 876, 883, 930, 940])
 >14.4f | cropTextFromRow | DEBUG | Adjusted transitions: [0, 6, 126, 148, 210, 225, 347, 350, 447, 563, 663, 671, 771, 791, 876, 883, 930, 940, 951]
 >14.4f | cropTextFromRow | DEBUG | Cropped image from 0 to 6, resulting shape: (55, 6)
 >14.4f | cropTextFromRow | DEBUG | Cropped image from 6 to 126, resulting shape: (55, 120)
 >14.4f | cropTextFromRow | DEBUG | Cropped image from 126 to 148, resulting shape: (55, 22)
 >14.4f | cropTextFromRow | DEBUG | Cropped image from 148 to 210, resulting shape: (55, 62)
 >14.4f | cropTextFromRow | DEBUG | Cropped image from 210 to 225, resulting shape: (55, 15)
 >14.4f | cropTextFromRow | DEBUG | Cropped image from 225 to 347, resulting shape: (55, 122)
 >14.4f | cropTextFromRow | DEBUG | Cropped image from 347 to 350, resulting shape: (55, 3)
 >14.4f | cropTextFromRow | DEBUG | Cropped image from 350 to 447, resulting shape: (55, 97)
 >14.4f | cropTextFromRow | DEBUG | Cropped image from 447 to 563, resulting shape: (55, 116)
 >14.4f | cropTextFromRow | DEBUG | Cropped image from 563 to 663, resulting shape: (55, 100)
 >14.4f | cropTextFromRow | DEBUG | Cropped image from 663 to 671, resulting shape: (55, 8)
 >14.4f | cropTextFromRow | DEBUG | Cropped image from 671 to 771, resulting shape: (55, 100)
 >14.4f | cropTextFromRow | DEBUG | Cropped image from 771 to 791, resulting shape: (55, 20)
 >14.4f | cropTextFromRow | DEBUG | Cropped image from 791 to 876, resulting shape: (55, 85)
 >14.4f | cropTextFromRow | DEBUG | Cropped image from 876 to 883, resulting shape: (55, 7)
 >14.4f | cropTextFromRow | DEBUG | Cropped image from 883 to 930, resulting shape: (55, 47)
 >14.4f | cropTextFromRow | DEBUG | Cropped image from 930 to 940, resulting shape: (55, 10)
 >14.4f | cropTextFromRow | DEBUG | Cropped image from 940 to 951, resulting shape: (55, 11)
 >14.4f | cropTextFromRow | INFO | Finished cropping, produced 18 cropped images
 >14.4f | cropTextFromRow | INFO | Starting cropTextFromRow
 >14.4f | cropTextFromRow | TRACE | cropTextFromRow(image.shape=(78, 952), transitions=[14, 122, 133, 212, 223, 306, 313, 351, 355, 382, 389, 434, 593, 605, 755, 758])
 >14.4f | cropTextFromRow | DEBUG | Adjusted transitions: [0, 14, 122, 133, 212, 223, 306, 313, 351, 355, 382, 389, 434, 593, 605, 755, 758, 951]
 >14.4f | cropTextFromRow | DEBUG | Cropped image from 0 to 14, resulting shape: (78, 14)
 >14.4f | cropTextFromRow | DEBUG | Cropped image from 14 to 122, resulting shape: (78, 108)
 >14.4f | cropTextFromRow | DEBUG | Cropped image from 122 to 133, resulting shape: (78, 11)
 >14.4f | cropTextFromRow | DEBUG | Cropped image from 133 to 212, resulting shape: (78, 79)
 >14.4f | cropTextFromRow | DEBUG | Cropped image from 212 to 223, resulting shape: (78, 11)
 >14.4f | cropTextFromRow | DEBUG | Cropped image from 223 to 306, resulting shape: (78, 83)
 >14.4f | cropTextFromRow | DEBUG | Cropped image from 306 to 313, resulting shape: (78, 7)
 >14.4f | cropTextFromRow | DEBUG | Cropped image from 313 to 351, resulting shape: (78, 38)
 >14.4f | cropTextFromRow | DEBUG | Cropped image from 351 to 355, resulting shape: (78, 4)
 >14.4f | cropTextFromRow | DEBUG | Cropped image from 355 to 382, resulting shape: (78, 27)
 >14.4f | cropTextFromRow | DEBUG | Cropped image from 382 to 389, resulting shape: (78, 7)
 >14.4f | cropTextFromRow | DEBUG | Cropped image from 389 to 434, resulting shape: (78, 45)
 >14.4f | cropTextFromRow | DEBUG | Cropped image from 434 to 593, resulting shape: (78, 159)
 >14.4f | cropTextFromRow | DEBUG | Cropped image from 593 to 605, resulting shape: (78, 12)
 >14.4f | cropTextFromRow | DEBUG | Cropped image from 605 to 755, resulting shape: (78, 150)
 >14.4f | cropTextFromRow | DEBUG | Cropped image from 755 to 758, resulting shape: (78, 3)
 >14.4f | cropTextFromRow | DEBUG | Cropped image from 758 to 951, resulting shape: (78, 193)
 >14.4f | cropTextFromRow | INFO | Finished cropping, produced 17 cropped images
 >14.4f | cropTextFromRow | INFO | Starting cropTextFromRow
 >14.4f | cropTextFromRow | TRACE | cropTextFromRow(image.shape=(63, 952), transitions=[51, 123, 131, 394, 406, 552, 556, 652, 658, 780, 788, 928, 941])
 >14.4f | cropTextFromRow | DEBUG | Adjusted transitions: [0, 51, 123, 131, 394, 406, 552, 556, 652, 658, 780, 788, 928, 941, 951]
 >14.4f | cropTextFromRow | DEBUG | Cropped image from 0 to 51, resulting shape: (63, 51)
 >14.4f | cropTextFromRow | DEBUG | Cropped image from 51 to 123, resulting shape: (63, 72)
 >14.4f | cropTextFromRow | DEBUG | Cropped image from 123 to 131, resulting shape: (63, 8)
 >14.4f | cropTextFromRow | DEBUG | Cropped image from 131 to 394, resulting shape: (63, 263)
 >14.4f | cropTextFromRow | DEBUG | Cropped image from 394 to 406, resulting shape: (63, 12)
 >14.4f | cropTextFromRow | DEBUG | Cropped image from 406 to 552, resulting shape: (63, 146)
 >14.4f | cropTextFromRow | DEBUG | Cropped image from 552 to 556, resulting shape: (63, 4)
 >14.4f | cropTextFromRow | DEBUG | Cropped image from 556 to 652, resulting shape: (63, 96)
 >14.4f | cropTextFromRow | DEBUG | Cropped image from 652 to 658, resulting shape: (63, 6)
 >14.4f | cropTextFromRow | DEBUG | Cropped image from 658 to 780, resulting shape: (63, 122)
 >14.4f | cropTextFromRow | DEBUG | Cropped image from 780 to 788, resulting shape: (63, 8)
 >14.4f | cropTextFromRow | DEBUG | Cropped image from 788 to 928, resulting shape: (63, 140)
 >14.4f | cropTextFromRow | DEBUG | Cropped image from 928 to 941, resulting shape: (63, 13)
 >14.4f | cropTextFromRow | DEBUG | Cropped image from 941 to 951, resulting shape: (63, 10)
 >14.4f | cropTextFromRow | INFO | Finished cropping, produced 14 cropped images
 >14.4f | cropTextFromRow | INFO | Starting cropTextFromRow
 >14.4f | cropTextFromRow | TRACE | cropTextFromRow(image.shape=(61, 952), transitions=[0, 9, 30, 33, 90, 95, 229, 234, 419, 518, 523, 560, 569, 637, 643, 811, 824, 935, 940])
 >14.4f | cropTextFromRow | DEBUG | Adjusted transitions: [0, 9, 30, 33, 90, 95, 229, 234, 419, 518, 523, 560, 569, 637, 643, 811, 824, 935, 940, 951]
 >14.4f | cropTextFromRow | DEBUG | Cropped image from 0 to 9, resulting shape: (61, 9)
 >14.4f | cropTextFromRow | DEBUG | Cropped image from 9 to 30, resulting shape: (61, 21)
 >14.4f | cropTextFromRow | DEBUG | Cropped image from 30 to 33, resulting shape: (61, 3)
 >14.4f | cropTextFromRow | DEBUG | Cropped image from 33 to 90, resulting shape: (61, 57)
 >14.4f | cropTextFromRow | DEBUG | Cropped image from 90 to 95, resulting shape: (61, 5)
 >14.4f | cropTextFromRow | DEBUG | Cropped image from 95 to 229, resulting shape: (61, 134)
 >14.4f | cropTextFromRow | DEBUG | Cropped image from 229 to 234, resulting shape: (61, 5)
 >14.4f | cropTextFromRow | DEBUG | Cropped image from 234 to 419, resulting shape: (61, 185)
 >14.4f | cropTextFromRow | DEBUG | Cropped image from 419 to 518, resulting shape: (61, 99)
 >14.4f | cropTextFromRow | DEBUG | Cropped image from 518 to 523, resulting shape: (61, 5)
 >14.4f | cropTextFromRow | DEBUG | Cropped image from 523 to 560, resulting shape: (61, 37)
 >14.4f | cropTextFromRow | DEBUG | Cropped image from 560 to 569, resulting shape: (61, 9)
 >14.4f | cropTextFromRow | DEBUG | Cropped image from 569 to 637, resulting shape: (61, 68)
 >14.4f | cropTextFromRow | DEBUG | Cropped image from 637 to 643, resulting shape: (61, 6)
 >14.4f | cropTextFromRow | DEBUG | Cropped image from 643 to 811, resulting shape: (61, 168)
 >14.4f | cropTextFromRow | DEBUG | Cropped image from 811 to 824, resulting shape: (61, 13)
 >14.4f | cropTextFromRow | DEBUG | Cropped image from 824 to 935, resulting shape: (61, 111)
 >14.4f | cropTextFromRow | DEBUG | Cropped image from 935 to 940, resulting shape: (61, 5)
 >14.4f | cropTextFromRow | DEBUG | Cropped image from 940 to 951, resulting shape: (61, 11)
 >14.4f | cropTextFromRow | INFO | Finished cropping, produced 19 cropped images
 >14.4f | cropTextFromRow | INFO | Starting cropTextFromRow
 >14.4f | cropTextFromRow | TRACE | cropTextFromRow(image.shape=(1, 952), transitions=[6, 24, 345, 350])
 >14.4f | cropTextFromRow | DEBUG | Adjusted transitions: [0, 6, 24, 345, 350, 951]
 >14.4f | cropTextFromRow | DEBUG | Cropped image from 0 to 6, resulting shape: (1, 6)
 >14.4f | cropTextFromRow | DEBUG | Cropped image from 6 to 24, resulting shape: (1, 18)
 >14.4f | cropTextFromRow | DEBUG | Cropped image from 24 to 345, resulting shape: (1, 321)
 >14.4f | cropTextFromRow | DEBUG | Cropped image from 345 to 350, resulting shape: (1, 5)
 >14.4f | cropTextFromRow | DEBUG | Cropped image from 350 to 951, resulting shape: (1, 601)
 >14.4f | cropTextFromRow | INFO | Finished cropping, produced 5 cropped images
